{"/Users/luisalfredo/luisdate/react-modern-datepicker/lib/components/ModernDatepicker.js": {"path":"/Users/luisalfredo/luisdate/react-modern-datepicker/lib/components/ModernDatepicker.js","statementMap":{"0":{"start":{"line":20,"column":0},"end":{"line":20,"column":32}},"1":{"start":{"line":21,"column":0},"end":{"line":21,"column":24}},"2":{"start":{"line":22,"column":0},"end":{"line":22,"column":28}},"3":{"start":{"line":23,"column":0},"end":{"line":23,"column":29}},"4":{"start":{"line":26,"column":4},"end":{"line":26,"column":17}},"5":{"start":{"line":27,"column":4},"end":{"line":27,"column":180}},"6":{"start":{"line":28,"column":4},"end":{"line":28,"column":195}},"7":{"start":{"line":29,"column":4},"end":{"line":29,"column":195}},"8":{"start":{"line":30,"column":4},"end":{"line":38,"column":6}},"9":{"start":{"line":39,"column":4},"end":{"line":39,"column":149}},"10":{"start":{"line":40,"column":4},"end":{"line":40,"column":61}},"11":{"start":{"line":44,"column":29},"end":{"line":44,"column":200}},"12":{"start":{"line":45,"column":28},"end":{"line":45,"column":211}},"13":{"start":{"line":46,"column":28},"end":{"line":46,"column":211}},"14":{"start":{"line":47,"column":4},"end":{"line":47,"column":72}},"15":{"start":{"line":51,"column":51},"end":{"line":51,"column":61}},"16":{"start":{"line":52,"column":26},"end":{"line":52,"column":36}},"17":{"start":{"line":53,"column":57},"end":{"line":53,"column":81}},"18":{"start":{"line":54,"column":18},"end":{"line":54,"column":112}},"19":{"start":{"line":55,"column":21},"end":{"line":55,"column":98}},"20":{"start":{"line":56,"column":21},"end":{"line":56,"column":98}},"21":{"start":{"line":57,"column":24},"end":{"line":57,"column":406}},"22":{"start":{"line":60,"column":17},"end":{"line":60,"column":132}},"23":{"start":{"line":61,"column":17},"end":{"line":61,"column":33}},"24":{"start":{"line":62,"column":25},"end":{"line":62,"column":62}},"25":{"start":{"line":63,"column":23},"end":{"line":63,"column":58}},"26":{"start":{"line":64,"column":4},"end":{"line":73,"column":7}},"27":{"start":{"line":69,"column":6},"end":{"line":69,"column":27}},"28":{"start":{"line":70,"column":6},"end":{"line":72,"column":7}},"29":{"start":{"line":71,"column":8},"end":{"line":71,"column":35}},"30":{"start":{"line":77,"column":51},"end":{"line":77,"column":61}},"31":{"start":{"line":78,"column":38},"end":{"line":78,"column":48}},"32":{"start":{"line":79,"column":27},"end":{"line":79,"column":32}},"33":{"start":{"line":79,"column":52},"end":{"line":79,"column":57}},"34":{"start":{"line":80,"column":57},"end":{"line":80,"column":81}},"35":{"start":{"line":81,"column":18},"end":{"line":81,"column":112}},"36":{"start":{"line":82,"column":21},"end":{"line":82,"column":98}},"37":{"start":{"line":83,"column":21},"end":{"line":83,"column":98}},"38":{"start":{"line":84,"column":24},"end":{"line":84,"column":406}},"39":{"start":{"line":88,"column":17},"end":{"line":88,"column":98}},"40":{"start":{"line":89,"column":20},"end":{"line":89,"column":116}},"41":{"start":{"line":90,"column":22},"end":{"line":90,"column":118}},"42":{"start":{"line":91,"column":4},"end":{"line":99,"column":5}},"43":{"start":{"line":92,"column":6},"end":{"line":98,"column":7}},"44":{"start":{"line":93,"column":8},"end":{"line":93,"column":32}},"45":{"start":{"line":94,"column":13},"end":{"line":98,"column":7}},"46":{"start":{"line":95,"column":8},"end":{"line":95,"column":31}},"47":{"start":{"line":97,"column":8},"end":{"line":97,"column":15}},"48":{"start":{"line":100,"column":17},"end":{"line":100,"column":33}},"49":{"start":{"line":101,"column":25},"end":{"line":101,"column":62}},"50":{"start":{"line":102,"column":24},"end":{"line":102,"column":59}},"51":{"start":{"line":103,"column":4},"end":{"line":109,"column":5}},"52":{"start":{"line":104,"column":6},"end":{"line":104,"column":75}},"53":{"start":{"line":105,"column":11},"end":{"line":109,"column":5}},"54":{"start":{"line":106,"column":6},"end":{"line":106,"column":73}},"55":{"start":{"line":108,"column":6},"end":{"line":108,"column":58}},"56":{"start":{"line":110,"column":4},"end":{"line":114,"column":7}},"57":{"start":{"line":115,"column":4},"end":{"line":115,"column":28}},"58":{"start":{"line":118,"column":51},"end":{"line":118,"column":61}},"59":{"start":{"line":119,"column":38},"end":{"line":119,"column":48}},"60":{"start":{"line":120,"column":27},"end":{"line":120,"column":32}},"61":{"start":{"line":120,"column":52},"end":{"line":120,"column":57}},"62":{"start":{"line":121,"column":57},"end":{"line":121,"column":81}},"63":{"start":{"line":122,"column":18},"end":{"line":122,"column":112}},"64":{"start":{"line":123,"column":21},"end":{"line":123,"column":98}},"65":{"start":{"line":124,"column":21},"end":{"line":124,"column":98}},"66":{"start":{"line":125,"column":24},"end":{"line":125,"column":406}},"67":{"start":{"line":128,"column":17},"end":{"line":128,"column":103}},"68":{"start":{"line":129,"column":20},"end":{"line":129,"column":116}},"69":{"start":{"line":130,"column":22},"end":{"line":130,"column":118}},"70":{"start":{"line":131,"column":4},"end":{"line":139,"column":5}},"71":{"start":{"line":132,"column":6},"end":{"line":138,"column":7}},"72":{"start":{"line":133,"column":8},"end":{"line":133,"column":32}},"73":{"start":{"line":134,"column":13},"end":{"line":138,"column":7}},"74":{"start":{"line":135,"column":8},"end":{"line":135,"column":31}},"75":{"start":{"line":137,"column":8},"end":{"line":137,"column":15}},"76":{"start":{"line":140,"column":17},"end":{"line":140,"column":33}},"77":{"start":{"line":141,"column":25},"end":{"line":141,"column":62}},"78":{"start":{"line":142,"column":24},"end":{"line":142,"column":59}},"79":{"start":{"line":143,"column":4},"end":{"line":149,"column":5}},"80":{"start":{"line":144,"column":6},"end":{"line":144,"column":75}},"81":{"start":{"line":145,"column":11},"end":{"line":149,"column":5}},"82":{"start":{"line":146,"column":6},"end":{"line":146,"column":73}},"83":{"start":{"line":148,"column":6},"end":{"line":148,"column":58}},"84":{"start":{"line":150,"column":4},"end":{"line":154,"column":7}},"85":{"start":{"line":155,"column":4},"end":{"line":155,"column":28}},"86":{"start":{"line":160,"column":15},"end":{"line":160,"column":20}},"87":{"start":{"line":161,"column":4},"end":{"line":169,"column":5}},"88":{"start":{"line":162,"column":6},"end":{"line":162,"column":31}},"89":{"start":{"line":164,"column":9},"end":{"line":169,"column":5}},"90":{"start":{"line":165,"column":6},"end":{"line":165,"column":26}},"91":{"start":{"line":168,"column":6},"end":{"line":168,"column":31}},"92":{"start":{"line":170,"column":4},"end":{"line":170,"column":24}},"93":{"start":{"line":173,"column":26},"end":{"line":173,"column":41}},"94":{"start":{"line":174,"column":4},"end":{"line":178,"column":10}},"95":{"start":{"line":175,"column":6},"end":{"line":177,"column":7}},"96":{"start":{"line":176,"column":8},"end":{"line":176,"column":35}},"97":{"start":{"line":183,"column":46},"end":{"line":183,"column":56}},"98":{"start":{"line":184,"column":4},"end":{"line":189,"column":5}},"99":{"start":{"line":185,"column":6},"end":{"line":185,"column":17}},"100":{"start":{"line":187,"column":9},"end":{"line":189,"column":5}},"101":{"start":{"line":188,"column":6},"end":{"line":188,"column":15}},"102":{"start":{"line":190,"column":31},"end":{"line":190,"column":55}},"103":{"start":{"line":191,"column":23},"end":{"line":191,"column":200}},"104":{"start":{"line":193,"column":4},"end":{"line":199,"column":7}},"105":{"start":{"line":202,"column":4},"end":{"line":202,"column":34}},"106":{"start":{"line":206,"column":4},"end":{"line":206,"column":23}},"107":{"start":{"line":207,"column":51},"end":{"line":207,"column":61}},"108":{"start":{"line":208,"column":26},"end":{"line":208,"column":36}},"109":{"start":{"line":209,"column":21},"end":{"line":209,"column":35}},"110":{"start":{"line":210,"column":57},"end":{"line":210,"column":81}},"111":{"start":{"line":211,"column":18},"end":{"line":211,"column":57}},"112":{"start":{"line":212,"column":21},"end":{"line":212,"column":98}},"113":{"start":{"line":213,"column":21},"end":{"line":213,"column":98}},"114":{"start":{"line":214,"column":4},"end":{"line":221,"column":5}},"115":{"start":{"line":215,"column":19},"end":{"line":215,"column":89}},"116":{"start":{"line":216,"column":19},"end":{"line":216,"column":70}},"117":{"start":{"line":217,"column":27},"end":{"line":217,"column":64}},"118":{"start":{"line":218,"column":6},"end":{"line":220,"column":8}},"119":{"start":{"line":219,"column":8},"end":{"line":219,"column":23}},"120":{"start":{"line":222,"column":4},"end":{"line":222,"column":31}},"121":{"start":{"line":226,"column":48},"end":{"line":226,"column":58}},"122":{"start":{"line":227,"column":47},"end":{"line":227,"column":57}},"123":{"start":{"line":228,"column":73},"end":{"line":228,"column":97}},"124":{"start":{"line":229,"column":24},"end":{"line":229,"column":106}},"125":{"start":{"line":230,"column":22},"end":{"line":230,"column":118}},"126":{"start":{"line":231,"column":20},"end":{"line":231,"column":116}},"127":{"start":{"line":232,"column":4},"end":{"line":249,"column":5}},"128":{"start":{"line":233,"column":6},"end":{"line":233,"column":28}},"129":{"start":{"line":235,"column":9},"end":{"line":249,"column":5}},"130":{"start":{"line":236,"column":6},"end":{"line":236,"column":36}},"131":{"start":{"line":238,"column":9},"end":{"line":249,"column":5}},"132":{"start":{"line":239,"column":6},"end":{"line":239,"column":32}},"133":{"start":{"line":241,"column":9},"end":{"line":249,"column":5}},"134":{"start":{"line":242,"column":6},"end":{"line":242,"column":32}},"135":{"start":{"line":244,"column":9},"end":{"line":249,"column":5}},"136":{"start":{"line":245,"column":6},"end":{"line":245,"column":144}},"137":{"start":{"line":248,"column":6},"end":{"line":248,"column":16}},"138":{"start":{"line":253,"column":84},"end":{"line":253,"column":94}},"139":{"start":{"line":254,"column":273},"end":{"line":254,"column":283}},"140":{"start":{"line":255,"column":57},"end":{"line":255,"column":81}},"141":{"start":{"line":256,"column":21},"end":{"line":256,"column":179}},"142":{"start":{"line":257,"column":21},"end":{"line":257,"column":179}},"143":{"start":{"line":258,"column":18},"end":{"line":258,"column":43}},"144":{"start":{"line":259,"column":4},"end":{"line":337,"column":6}},"145":{"start":{"line":260,"column":32},"end":{"line":260,"column":46}},"146":{"start":{"line":268,"column":27},"end":{"line":268,"column":59}},"147":{"start":{"line":269,"column":26},"end":{"line":269,"column":54}},"148":{"start":{"line":278,"column":25},"end":{"line":278,"column":50}},"149":{"start":{"line":285,"column":16},"end":{"line":289,"column":17}},"150":{"start":{"line":286,"column":18},"end":{"line":286,"column":41}},"151":{"start":{"line":288,"column":18},"end":{"line":288,"column":42}},"152":{"start":{"line":302,"column":33},"end":{"line":302,"column":57}},"153":{"start":{"line":303,"column":34},"end":{"line":303,"column":59}},"154":{"start":{"line":304,"column":33},"end":{"line":304,"column":57}},"155":{"start":{"line":311,"column":16},"end":{"line":315,"column":17}},"156":{"start":{"line":312,"column":18},"end":{"line":312,"column":41}},"157":{"start":{"line":314,"column":18},"end":{"line":314,"column":42}},"158":{"start":{"line":327,"column":39},"end":{"line":327,"column":73}},"159":{"start":{"line":341,"column":0},"end":{"line":380,"column":2}}},"fnMap":{"0":{"name":"(anonymous_0)","decl":{"start":{"line":25,"column":2},"end":{"line":25,"column":3}},"loc":{"start":{"line":25,"column":21},"end":{"line":41,"column":3}},"line":25},"1":{"name":"(anonymous_1)","decl":{"start":{"line":43,"column":2},"end":{"line":43,"column":3}},"loc":{"start":{"line":43,"column":22},"end":{"line":48,"column":3}},"line":43},"2":{"name":"(anonymous_2)","decl":{"start":{"line":50,"column":2},"end":{"line":50,"column":3}},"loc":{"start":{"line":50,"column":32},"end":{"line":75,"column":3}},"line":50},"3":{"name":"(anonymous_3)","decl":{"start":{"line":68,"column":7},"end":{"line":68,"column":8}},"loc":{"start":{"line":68,"column":13},"end":{"line":73,"column":5}},"line":68},"4":{"name":"(anonymous_4)","decl":{"start":{"line":76,"column":2},"end":{"line":76,"column":3}},"loc":{"start":{"line":76,"column":23},"end":{"line":116,"column":3}},"line":76},"5":{"name":"(anonymous_5)","decl":{"start":{"line":117,"column":2},"end":{"line":117,"column":3}},"loc":{"start":{"line":117,"column":23},"end":{"line":156,"column":3}},"line":117},"6":{"name":"(anonymous_6)","decl":{"start":{"line":158,"column":2},"end":{"line":158,"column":3}},"loc":{"start":{"line":158,"column":36},"end":{"line":171,"column":3}},"line":158},"7":{"name":"(anonymous_7)","decl":{"start":{"line":172,"column":2},"end":{"line":172,"column":3}},"loc":{"start":{"line":172,"column":12},"end":{"line":180,"column":3}},"line":172},"8":{"name":"(anonymous_8)","decl":{"start":{"line":174,"column":15},"end":{"line":174,"column":16}},"loc":{"start":{"line":174,"column":21},"end":{"line":178,"column":5}},"line":174},"9":{"name":"(anonymous_9)","decl":{"start":{"line":182,"column":2},"end":{"line":182,"column":3}},"loc":{"start":{"line":182,"column":26},"end":{"line":200,"column":3}},"line":182},"10":{"name":"(anonymous_10)","decl":{"start":{"line":201,"column":2},"end":{"line":201,"column":3}},"loc":{"start":{"line":201,"column":26},"end":{"line":203,"column":3}},"line":201},"11":{"name":"(anonymous_11)","decl":{"start":{"line":205,"column":2},"end":{"line":205,"column":3}},"loc":{"start":{"line":205,"column":17},"end":{"line":223,"column":3}},"line":205},"12":{"name":"(anonymous_12)","decl":{"start":{"line":218,"column":67},"end":{"line":218,"column":68}},"loc":{"start":{"line":218,"column":73},"end":{"line":220,"column":7}},"line":218},"13":{"name":"(anonymous_13)","decl":{"start":{"line":225,"column":2},"end":{"line":225,"column":3}},"loc":{"start":{"line":225,"column":23},"end":{"line":250,"column":3}},"line":225},"14":{"name":"(anonymous_14)","decl":{"start":{"line":252,"column":2},"end":{"line":252,"column":3}},"loc":{"start":{"line":252,"column":11},"end":{"line":338,"column":3}},"line":252},"15":{"name":"(anonymous_15)","decl":{"start":{"line":260,"column":25},"end":{"line":260,"column":26}},"loc":{"start":{"line":260,"column":32},"end":{"line":260,"column":46}},"line":260},"16":{"name":"(anonymous_16)","decl":{"start":{"line":268,"column":20},"end":{"line":268,"column":21}},"loc":{"start":{"line":268,"column":27},"end":{"line":268,"column":59}},"line":268},"17":{"name":"(anonymous_17)","decl":{"start":{"line":269,"column":19},"end":{"line":269,"column":20}},"loc":{"start":{"line":269,"column":26},"end":{"line":269,"column":54}},"line":269},"18":{"name":"(anonymous_18)","decl":{"start":{"line":278,"column":19},"end":{"line":278,"column":20}},"loc":{"start":{"line":278,"column":25},"end":{"line":278,"column":50}},"line":278},"19":{"name":"(anonymous_19)","decl":{"start":{"line":284,"column":23},"end":{"line":284,"column":24}},"loc":{"start":{"line":284,"column":29},"end":{"line":290,"column":15}},"line":284},"20":{"name":"(anonymous_20)","decl":{"start":{"line":302,"column":27},"end":{"line":302,"column":28}},"loc":{"start":{"line":302,"column":33},"end":{"line":302,"column":57}},"line":302},"21":{"name":"(anonymous_21)","decl":{"start":{"line":303,"column":28},"end":{"line":303,"column":29}},"loc":{"start":{"line":303,"column":34},"end":{"line":303,"column":59}},"line":303},"22":{"name":"(anonymous_22)","decl":{"start":{"line":304,"column":27},"end":{"line":304,"column":28}},"loc":{"start":{"line":304,"column":33},"end":{"line":304,"column":57}},"line":304},"23":{"name":"(anonymous_23)","decl":{"start":{"line":310,"column":23},"end":{"line":310,"column":24}},"loc":{"start":{"line":310,"column":29},"end":{"line":316,"column":15}},"line":310},"24":{"name":"(anonymous_24)","decl":{"start":{"line":327,"column":22},"end":{"line":327,"column":23}},"loc":{"start":{"line":327,"column":39},"end":{"line":327,"column":73}},"line":327}},"branchMap":{"0":{"loc":{"start":{"line":27,"column":28},"end":{"line":27,"column":179}},"type":"binary-expr","locations":[{"start":{"line":27,"column":28},"end":{"line":27,"column":38}},{"start":{"line":27,"column":42},"end":{"line":27,"column":104}},{"start":{"line":27,"column":108},"end":{"line":27,"column":134}},{"start":{"line":27,"column":138},"end":{"line":27,"column":179}}],"line":27},"1":{"loc":{"start":{"line":28,"column":31},"end":{"line":28,"column":194}},"type":"binary-expr","locations":[{"start":{"line":28,"column":31},"end":{"line":28,"column":44}},{"start":{"line":28,"column":48},"end":{"line":28,"column":113}},{"start":{"line":28,"column":117},"end":{"line":28,"column":146}},{"start":{"line":28,"column":150},"end":{"line":28,"column":194}}],"line":28},"2":{"loc":{"start":{"line":29,"column":31},"end":{"line":29,"column":194}},"type":"binary-expr","locations":[{"start":{"line":29,"column":31},"end":{"line":29,"column":44}},{"start":{"line":29,"column":48},"end":{"line":29,"column":113}},{"start":{"line":29,"column":117},"end":{"line":29,"column":146}},{"start":{"line":29,"column":150},"end":{"line":29,"column":194}}],"line":29},"3":{"loc":{"start":{"line":34,"column":18},"end":{"line":34,"column":203}},"type":"cond-expr","locations":[{"start":{"line":34,"column":32},"end":{"line":34,"column":197}},{"start":{"line":34,"column":201},"end":{"line":34,"column":203}}],"line":34},"4":{"loc":{"start":{"line":34,"column":32},"end":{"line":34,"column":197}},"type":"cond-expr","locations":[{"start":{"line":34,"column":56},"end":{"line":34,"column":110}},{"start":{"line":34,"column":113},"end":{"line":34,"column":197}}],"line":34},"5":{"loc":{"start":{"line":34,"column":81},"end":{"line":34,"column":109}},"type":"binary-expr","locations":[{"start":{"line":34,"column":81},"end":{"line":34,"column":93}},{"start":{"line":34,"column":97},"end":{"line":34,"column":109}}],"line":34},"6":{"loc":{"start":{"line":34,"column":131},"end":{"line":34,"column":159}},"type":"binary-expr","locations":[{"start":{"line":34,"column":131},"end":{"line":34,"column":143}},{"start":{"line":34,"column":147},"end":{"line":34,"column":159}}],"line":34},"7":{"loc":{"start":{"line":34,"column":168},"end":{"line":34,"column":196}},"type":"binary-expr","locations":[{"start":{"line":34,"column":168},"end":{"line":34,"column":180}},{"start":{"line":34,"column":184},"end":{"line":34,"column":196}}],"line":34},"8":{"loc":{"start":{"line":35,"column":15},"end":{"line":35,"column":148}},"type":"cond-expr","locations":[{"start":{"line":35,"column":29},"end":{"line":35,"column":140}},{"start":{"line":35,"column":144},"end":{"line":35,"column":148}}],"line":35},"9":{"loc":{"start":{"line":35,"column":29},"end":{"line":35,"column":140}},"type":"cond-expr","locations":[{"start":{"line":35,"column":53},"end":{"line":35,"column":80}},{"start":{"line":35,"column":83},"end":{"line":35,"column":140}}],"line":35},"10":{"loc":{"start":{"line":35,"column":101},"end":{"line":35,"column":129}},"type":"binary-expr","locations":[{"start":{"line":35,"column":101},"end":{"line":35,"column":113}},{"start":{"line":35,"column":117},"end":{"line":35,"column":129}}],"line":35},"11":{"loc":{"start":{"line":36,"column":18},"end":{"line":36,"column":163}},"type":"cond-expr","locations":[{"start":{"line":36,"column":35},"end":{"line":36,"column":155}},{"start":{"line":36,"column":159},"end":{"line":36,"column":163}}],"line":36},"12":{"loc":{"start":{"line":36,"column":35},"end":{"line":36,"column":155}},"type":"cond-expr","locations":[{"start":{"line":36,"column":62},"end":{"line":36,"column":92}},{"start":{"line":36,"column":95},"end":{"line":36,"column":155}}],"line":36},"13":{"loc":{"start":{"line":36,"column":116},"end":{"line":36,"column":144}},"type":"binary-expr","locations":[{"start":{"line":36,"column":116},"end":{"line":36,"column":128}},{"start":{"line":36,"column":132},"end":{"line":36,"column":144}}],"line":36},"14":{"loc":{"start":{"line":37,"column":18},"end":{"line":37,"column":163}},"type":"cond-expr","locations":[{"start":{"line":37,"column":35},"end":{"line":37,"column":155}},{"start":{"line":37,"column":159},"end":{"line":37,"column":163}}],"line":37},"15":{"loc":{"start":{"line":37,"column":35},"end":{"line":37,"column":155}},"type":"cond-expr","locations":[{"start":{"line":37,"column":62},"end":{"line":37,"column":92}},{"start":{"line":37,"column":95},"end":{"line":37,"column":155}}],"line":37},"16":{"loc":{"start":{"line":37,"column":116},"end":{"line":37,"column":144}},"type":"binary-expr","locations":[{"start":{"line":37,"column":116},"end":{"line":37,"column":128}},{"start":{"line":37,"column":132},"end":{"line":37,"column":144}}],"line":37},"17":{"loc":{"start":{"line":39,"column":33},"end":{"line":39,"column":102}},"type":"binary-expr","locations":[{"start":{"line":39,"column":33},"end":{"line":39,"column":54}},{"start":{"line":39,"column":58},"end":{"line":39,"column":102}}],"line":39},"18":{"loc":{"start":{"line":39,"column":73},"end":{"line":39,"column":101}},"type":"binary-expr","locations":[{"start":{"line":39,"column":73},"end":{"line":39,"column":85}},{"start":{"line":39,"column":89},"end":{"line":39,"column":101}}],"line":39},"19":{"loc":{"start":{"line":39,"column":104},"end":{"line":39,"column":132}},"type":"binary-expr","locations":[{"start":{"line":39,"column":104},"end":{"line":39,"column":116}},{"start":{"line":39,"column":120},"end":{"line":39,"column":132}}],"line":39},"20":{"loc":{"start":{"line":44,"column":29},"end":{"line":44,"column":200}},"type":"binary-expr","locations":[{"start":{"line":44,"column":29},"end":{"line":44,"column":44}},{"start":{"line":44,"column":48},"end":{"line":44,"column":115}},{"start":{"line":44,"column":119},"end":{"line":44,"column":150}},{"start":{"line":44,"column":154},"end":{"line":44,"column":200}}],"line":44},"21":{"loc":{"start":{"line":45,"column":28},"end":{"line":45,"column":211}},"type":"binary-expr","locations":[{"start":{"line":45,"column":28},"end":{"line":45,"column":46}},{"start":{"line":45,"column":50},"end":{"line":45,"column":120}},{"start":{"line":45,"column":124},"end":{"line":45,"column":158}},{"start":{"line":45,"column":162},"end":{"line":45,"column":211}}],"line":45},"22":{"loc":{"start":{"line":46,"column":28},"end":{"line":46,"column":211}},"type":"binary-expr","locations":[{"start":{"line":46,"column":28},"end":{"line":46,"column":46}},{"start":{"line":46,"column":50},"end":{"line":46,"column":120}},{"start":{"line":46,"column":124},"end":{"line":46,"column":158}},{"start":{"line":46,"column":162},"end":{"line":46,"column":211}}],"line":46},"23":{"loc":{"start":{"line":54,"column":24},"end":{"line":54,"column":87}},"type":"binary-expr","locations":[{"start":{"line":54,"column":24},"end":{"line":54,"column":45}},{"start":{"line":54,"column":49},"end":{"line":54,"column":87}}],"line":54},"24":{"loc":{"start":{"line":54,"column":64},"end":{"line":54,"column":86}},"type":"binary-expr","locations":[{"start":{"line":54,"column":64},"end":{"line":54,"column":70}},{"start":{"line":54,"column":74},"end":{"line":54,"column":86}}],"line":54},"25":{"loc":{"start":{"line":54,"column":89},"end":{"line":54,"column":111}},"type":"binary-expr","locations":[{"start":{"line":54,"column":89},"end":{"line":54,"column":95}},{"start":{"line":54,"column":99},"end":{"line":54,"column":111}}],"line":54},"26":{"loc":{"start":{"line":55,"column":21},"end":{"line":55,"column":98}},"type":"cond-expr","locations":[{"start":{"line":55,"column":43},"end":{"line":55,"column":57}},{"start":{"line":55,"column":60},"end":{"line":55,"column":98}}],"line":55},"27":{"loc":{"start":{"line":55,"column":75},"end":{"line":55,"column":97}},"type":"binary-expr","locations":[{"start":{"line":55,"column":75},"end":{"line":55,"column":81}},{"start":{"line":55,"column":85},"end":{"line":55,"column":97}}],"line":55},"28":{"loc":{"start":{"line":56,"column":21},"end":{"line":56,"column":98}},"type":"cond-expr","locations":[{"start":{"line":56,"column":43},"end":{"line":56,"column":57}},{"start":{"line":56,"column":60},"end":{"line":56,"column":98}}],"line":56},"29":{"loc":{"start":{"line":56,"column":75},"end":{"line":56,"column":97}},"type":"binary-expr","locations":[{"start":{"line":56,"column":75},"end":{"line":56,"column":81}},{"start":{"line":56,"column":85},"end":{"line":56,"column":97}}],"line":56},"30":{"loc":{"start":{"line":57,"column":24},"end":{"line":57,"column":406}},"type":"cond-expr","locations":[{"start":{"line":57,"column":196},"end":{"line":57,"column":201}},{"start":{"line":57,"column":204},"end":{"line":57,"column":406}}],"line":57},"31":{"loc":{"start":{"line":57,"column":40},"end":{"line":57,"column":120}},"type":"cond-expr","locations":[{"start":{"line":57,"column":50},"end":{"line":57,"column":85}},{"start":{"line":57,"column":88},"end":{"line":57,"column":120}}],"line":57},"32":{"loc":{"start":{"line":57,"column":122},"end":{"line":57,"column":192}},"type":"cond-expr","locations":[{"start":{"line":57,"column":132},"end":{"line":57,"column":162}},{"start":{"line":57,"column":165},"end":{"line":57,"column":192}}],"line":57},"33":{"loc":{"start":{"line":57,"column":204},"end":{"line":57,"column":406}},"type":"cond-expr","locations":[{"start":{"line":57,"column":247},"end":{"line":57,"column":252}},{"start":{"line":57,"column":255},"end":{"line":57,"column":406}}],"line":57},"34":{"loc":{"start":{"line":57,"column":204},"end":{"line":57,"column":244}},"type":"binary-expr","locations":[{"start":{"line":57,"column":204},"end":{"line":57,"column":211}},{"start":{"line":57,"column":215},"end":{"line":57,"column":244}}],"line":57},"35":{"loc":{"start":{"line":57,"column":255},"end":{"line":57,"column":406}},"type":"cond-expr","locations":[{"start":{"line":57,"column":299},"end":{"line":57,"column":307}},{"start":{"line":57,"column":310},"end":{"line":57,"column":406}}],"line":57},"36":{"loc":{"start":{"line":57,"column":255},"end":{"line":57,"column":296}},"type":"binary-expr","locations":[{"start":{"line":57,"column":255},"end":{"line":57,"column":262}},{"start":{"line":57,"column":266},"end":{"line":57,"column":296}}],"line":57},"37":{"loc":{"start":{"line":57,"column":310},"end":{"line":57,"column":406}},"type":"cond-expr","locations":[{"start":{"line":57,"column":320},"end":{"line":57,"column":355}},{"start":{"line":57,"column":358},"end":{"line":57,"column":406}}],"line":57},"38":{"loc":{"start":{"line":57,"column":358},"end":{"line":57,"column":406}},"type":"cond-expr","locations":[{"start":{"line":57,"column":368},"end":{"line":57,"column":398}},{"start":{"line":57,"column":401},"end":{"line":57,"column":406}}],"line":57},"39":{"loc":{"start":{"line":60,"column":23},"end":{"line":60,"column":90}},"type":"binary-expr","locations":[{"start":{"line":60,"column":23},"end":{"line":60,"column":44}},{"start":{"line":60,"column":48},"end":{"line":60,"column":90}}],"line":60},"40":{"loc":{"start":{"line":60,"column":67},"end":{"line":60,"column":89}},"type":"binary-expr","locations":[{"start":{"line":60,"column":67},"end":{"line":60,"column":73}},{"start":{"line":60,"column":77},"end":{"line":60,"column":89}}],"line":60},"41":{"loc":{"start":{"line":60,"column":92},"end":{"line":60,"column":114}},"type":"binary-expr","locations":[{"start":{"line":60,"column":92},"end":{"line":60,"column":98}},{"start":{"line":60,"column":102},"end":{"line":60,"column":114}}],"line":60},"42":{"loc":{"start":{"line":63,"column":35},"end":{"line":63,"column":57}},"type":"binary-expr","locations":[{"start":{"line":63,"column":35},"end":{"line":63,"column":41}},{"start":{"line":63,"column":45},"end":{"line":63,"column":57}}],"line":63},"43":{"loc":{"start":{"line":70,"column":6},"end":{"line":72,"column":7}},"type":"if","locations":[{"start":{"line":70,"column":6},"end":{"line":72,"column":7}},{"start":{},"end":{}}],"line":70},"44":{"loc":{"start":{"line":81,"column":24},"end":{"line":81,"column":87}},"type":"binary-expr","locations":[{"start":{"line":81,"column":24},"end":{"line":81,"column":45}},{"start":{"line":81,"column":49},"end":{"line":81,"column":87}}],"line":81},"45":{"loc":{"start":{"line":81,"column":64},"end":{"line":81,"column":86}},"type":"binary-expr","locations":[{"start":{"line":81,"column":64},"end":{"line":81,"column":70}},{"start":{"line":81,"column":74},"end":{"line":81,"column":86}}],"line":81},"46":{"loc":{"start":{"line":81,"column":89},"end":{"line":81,"column":111}},"type":"binary-expr","locations":[{"start":{"line":81,"column":89},"end":{"line":81,"column":95}},{"start":{"line":81,"column":99},"end":{"line":81,"column":111}}],"line":81},"47":{"loc":{"start":{"line":82,"column":21},"end":{"line":82,"column":98}},"type":"cond-expr","locations":[{"start":{"line":82,"column":43},"end":{"line":82,"column":57}},{"start":{"line":82,"column":60},"end":{"line":82,"column":98}}],"line":82},"48":{"loc":{"start":{"line":82,"column":75},"end":{"line":82,"column":97}},"type":"binary-expr","locations":[{"start":{"line":82,"column":75},"end":{"line":82,"column":81}},{"start":{"line":82,"column":85},"end":{"line":82,"column":97}}],"line":82},"49":{"loc":{"start":{"line":83,"column":21},"end":{"line":83,"column":98}},"type":"cond-expr","locations":[{"start":{"line":83,"column":43},"end":{"line":83,"column":57}},{"start":{"line":83,"column":60},"end":{"line":83,"column":98}}],"line":83},"50":{"loc":{"start":{"line":83,"column":75},"end":{"line":83,"column":97}},"type":"binary-expr","locations":[{"start":{"line":83,"column":75},"end":{"line":83,"column":81}},{"start":{"line":83,"column":85},"end":{"line":83,"column":97}}],"line":83},"51":{"loc":{"start":{"line":84,"column":24},"end":{"line":84,"column":406}},"type":"cond-expr","locations":[{"start":{"line":84,"column":196},"end":{"line":84,"column":201}},{"start":{"line":84,"column":204},"end":{"line":84,"column":406}}],"line":84},"52":{"loc":{"start":{"line":84,"column":40},"end":{"line":84,"column":120}},"type":"cond-expr","locations":[{"start":{"line":84,"column":50},"end":{"line":84,"column":85}},{"start":{"line":84,"column":88},"end":{"line":84,"column":120}}],"line":84},"53":{"loc":{"start":{"line":84,"column":122},"end":{"line":84,"column":192}},"type":"cond-expr","locations":[{"start":{"line":84,"column":132},"end":{"line":84,"column":162}},{"start":{"line":84,"column":165},"end":{"line":84,"column":192}}],"line":84},"54":{"loc":{"start":{"line":84,"column":204},"end":{"line":84,"column":406}},"type":"cond-expr","locations":[{"start":{"line":84,"column":247},"end":{"line":84,"column":252}},{"start":{"line":84,"column":255},"end":{"line":84,"column":406}}],"line":84},"55":{"loc":{"start":{"line":84,"column":204},"end":{"line":84,"column":244}},"type":"binary-expr","locations":[{"start":{"line":84,"column":204},"end":{"line":84,"column":211}},{"start":{"line":84,"column":215},"end":{"line":84,"column":244}}],"line":84},"56":{"loc":{"start":{"line":84,"column":255},"end":{"line":84,"column":406}},"type":"cond-expr","locations":[{"start":{"line":84,"column":299},"end":{"line":84,"column":307}},{"start":{"line":84,"column":310},"end":{"line":84,"column":406}}],"line":84},"57":{"loc":{"start":{"line":84,"column":255},"end":{"line":84,"column":296}},"type":"binary-expr","locations":[{"start":{"line":84,"column":255},"end":{"line":84,"column":262}},{"start":{"line":84,"column":266},"end":{"line":84,"column":296}}],"line":84},"58":{"loc":{"start":{"line":84,"column":310},"end":{"line":84,"column":406}},"type":"cond-expr","locations":[{"start":{"line":84,"column":320},"end":{"line":84,"column":355}},{"start":{"line":84,"column":358},"end":{"line":84,"column":406}}],"line":84},"59":{"loc":{"start":{"line":84,"column":358},"end":{"line":84,"column":406}},"type":"cond-expr","locations":[{"start":{"line":84,"column":368},"end":{"line":84,"column":398}},{"start":{"line":84,"column":401},"end":{"line":84,"column":406}}],"line":84},"60":{"loc":{"start":{"line":88,"column":23},"end":{"line":88,"column":48}},"type":"binary-expr","locations":[{"start":{"line":88,"column":23},"end":{"line":88,"column":33}},{"start":{"line":88,"column":37},"end":{"line":88,"column":48}}],"line":88},"61":{"loc":{"start":{"line":88,"column":50},"end":{"line":88,"column":72}},"type":"binary-expr","locations":[{"start":{"line":88,"column":50},"end":{"line":88,"column":56}},{"start":{"line":88,"column":60},"end":{"line":88,"column":72}}],"line":88},"62":{"loc":{"start":{"line":89,"column":20},"end":{"line":89,"column":116}},"type":"cond-expr","locations":[{"start":{"line":89,"column":31},"end":{"line":89,"column":108}},{"start":{"line":89,"column":112},"end":{"line":89,"column":116}}],"line":89},"63":{"loc":{"start":{"line":89,"column":31},"end":{"line":89,"column":108}},"type":"cond-expr","locations":[{"start":{"line":89,"column":53},"end":{"line":89,"column":67}},{"start":{"line":89,"column":70},"end":{"line":89,"column":108}}],"line":89},"64":{"loc":{"start":{"line":89,"column":85},"end":{"line":89,"column":107}},"type":"binary-expr","locations":[{"start":{"line":89,"column":85},"end":{"line":89,"column":91}},{"start":{"line":89,"column":95},"end":{"line":89,"column":107}}],"line":89},"65":{"loc":{"start":{"line":90,"column":22},"end":{"line":90,"column":118}},"type":"cond-expr","locations":[{"start":{"line":90,"column":33},"end":{"line":90,"column":110}},{"start":{"line":90,"column":114},"end":{"line":90,"column":118}}],"line":90},"66":{"loc":{"start":{"line":90,"column":33},"end":{"line":90,"column":110}},"type":"cond-expr","locations":[{"start":{"line":90,"column":55},"end":{"line":90,"column":69}},{"start":{"line":90,"column":72},"end":{"line":90,"column":110}}],"line":90},"67":{"loc":{"start":{"line":90,"column":87},"end":{"line":90,"column":109}},"type":"binary-expr","locations":[{"start":{"line":90,"column":87},"end":{"line":90,"column":93}},{"start":{"line":90,"column":97},"end":{"line":90,"column":109}}],"line":90},"68":{"loc":{"start":{"line":91,"column":4},"end":{"line":99,"column":5}},"type":"if","locations":[{"start":{"line":91,"column":4},"end":{"line":99,"column":5}},{"start":{},"end":{}}],"line":91},"69":{"loc":{"start":{"line":91,"column":8},"end":{"line":91,"column":83}},"type":"binary-expr","locations":[{"start":{"line":91,"column":9},"end":{"line":91,"column":16}},{"start":{"line":91,"column":20},"end":{"line":91,"column":41}},{"start":{"line":91,"column":47},"end":{"line":91,"column":54}},{"start":{"line":91,"column":58},"end":{"line":91,"column":82}}],"line":91},"70":{"loc":{"start":{"line":92,"column":6},"end":{"line":98,"column":7}},"type":"if","locations":[{"start":{"line":92,"column":6},"end":{"line":98,"column":7}},{"start":{"line":94,"column":13},"end":{"line":98,"column":7}}],"line":92},"71":{"loc":{"start":{"line":92,"column":10},"end":{"line":92,"column":136}},"type":"binary-expr","locations":[{"start":{"line":92,"column":11},"end":{"line":92,"column":18}},{"start":{"line":92,"column":22},"end":{"line":92,"column":43}},{"start":{"line":92,"column":48},"end":{"line":92,"column":89}},{"start":{"line":92,"column":93},"end":{"line":92,"column":136}}],"line":92},"72":{"loc":{"start":{"line":94,"column":13},"end":{"line":98,"column":7}},"type":"if","locations":[{"start":{"line":94,"column":13},"end":{"line":98,"column":7}},{"start":{"line":96,"column":13},"end":{"line":98,"column":7}}],"line":94},"73":{"loc":{"start":{"line":94,"column":17},"end":{"line":94,"column":146}},"type":"binary-expr","locations":[{"start":{"line":94,"column":18},"end":{"line":94,"column":25}},{"start":{"line":94,"column":29},"end":{"line":94,"column":53}},{"start":{"line":94,"column":58},"end":{"line":94,"column":99}},{"start":{"line":94,"column":103},"end":{"line":94,"column":146}}],"line":94},"74":{"loc":{"start":{"line":102,"column":36},"end":{"line":102,"column":58}},"type":"binary-expr","locations":[{"start":{"line":102,"column":36},"end":{"line":102,"column":42}},{"start":{"line":102,"column":46},"end":{"line":102,"column":58}}],"line":102},"75":{"loc":{"start":{"line":103,"column":4},"end":{"line":109,"column":5}},"type":"if","locations":[{"start":{"line":103,"column":4},"end":{"line":109,"column":5}},{"start":{"line":105,"column":11},"end":{"line":109,"column":5}}],"line":103},"76":{"loc":{"start":{"line":104,"column":51},"end":{"line":104,"column":73}},"type":"binary-expr","locations":[{"start":{"line":104,"column":51},"end":{"line":104,"column":57}},{"start":{"line":104,"column":61},"end":{"line":104,"column":73}}],"line":104},"77":{"loc":{"start":{"line":105,"column":11},"end":{"line":109,"column":5}},"type":"if","locations":[{"start":{"line":105,"column":11},"end":{"line":109,"column":5}},{"start":{"line":107,"column":11},"end":{"line":109,"column":5}}],"line":105},"78":{"loc":{"start":{"line":106,"column":49},"end":{"line":106,"column":71}},"type":"binary-expr","locations":[{"start":{"line":106,"column":49},"end":{"line":106,"column":55}},{"start":{"line":106,"column":59},"end":{"line":106,"column":71}}],"line":106},"79":{"loc":{"start":{"line":108,"column":34},"end":{"line":108,"column":56}},"type":"binary-expr","locations":[{"start":{"line":108,"column":34},"end":{"line":108,"column":40}},{"start":{"line":108,"column":44},"end":{"line":108,"column":56}}],"line":108},"80":{"loc":{"start":{"line":122,"column":24},"end":{"line":122,"column":87}},"type":"binary-expr","locations":[{"start":{"line":122,"column":24},"end":{"line":122,"column":45}},{"start":{"line":122,"column":49},"end":{"line":122,"column":87}}],"line":122},"81":{"loc":{"start":{"line":122,"column":64},"end":{"line":122,"column":86}},"type":"binary-expr","locations":[{"start":{"line":122,"column":64},"end":{"line":122,"column":70}},{"start":{"line":122,"column":74},"end":{"line":122,"column":86}}],"line":122},"82":{"loc":{"start":{"line":122,"column":89},"end":{"line":122,"column":111}},"type":"binary-expr","locations":[{"start":{"line":122,"column":89},"end":{"line":122,"column":95}},{"start":{"line":122,"column":99},"end":{"line":122,"column":111}}],"line":122},"83":{"loc":{"start":{"line":123,"column":21},"end":{"line":123,"column":98}},"type":"cond-expr","locations":[{"start":{"line":123,"column":43},"end":{"line":123,"column":57}},{"start":{"line":123,"column":60},"end":{"line":123,"column":98}}],"line":123},"84":{"loc":{"start":{"line":123,"column":75},"end":{"line":123,"column":97}},"type":"binary-expr","locations":[{"start":{"line":123,"column":75},"end":{"line":123,"column":81}},{"start":{"line":123,"column":85},"end":{"line":123,"column":97}}],"line":123},"85":{"loc":{"start":{"line":124,"column":21},"end":{"line":124,"column":98}},"type":"cond-expr","locations":[{"start":{"line":124,"column":43},"end":{"line":124,"column":57}},{"start":{"line":124,"column":60},"end":{"line":124,"column":98}}],"line":124},"86":{"loc":{"start":{"line":124,"column":75},"end":{"line":124,"column":97}},"type":"binary-expr","locations":[{"start":{"line":124,"column":75},"end":{"line":124,"column":81}},{"start":{"line":124,"column":85},"end":{"line":124,"column":97}}],"line":124},"87":{"loc":{"start":{"line":125,"column":24},"end":{"line":125,"column":406}},"type":"cond-expr","locations":[{"start":{"line":125,"column":196},"end":{"line":125,"column":201}},{"start":{"line":125,"column":204},"end":{"line":125,"column":406}}],"line":125},"88":{"loc":{"start":{"line":125,"column":40},"end":{"line":125,"column":120}},"type":"cond-expr","locations":[{"start":{"line":125,"column":50},"end":{"line":125,"column":85}},{"start":{"line":125,"column":88},"end":{"line":125,"column":120}}],"line":125},"89":{"loc":{"start":{"line":125,"column":122},"end":{"line":125,"column":192}},"type":"cond-expr","locations":[{"start":{"line":125,"column":132},"end":{"line":125,"column":162}},{"start":{"line":125,"column":165},"end":{"line":125,"column":192}}],"line":125},"90":{"loc":{"start":{"line":125,"column":204},"end":{"line":125,"column":406}},"type":"cond-expr","locations":[{"start":{"line":125,"column":247},"end":{"line":125,"column":252}},{"start":{"line":125,"column":255},"end":{"line":125,"column":406}}],"line":125},"91":{"loc":{"start":{"line":125,"column":204},"end":{"line":125,"column":244}},"type":"binary-expr","locations":[{"start":{"line":125,"column":204},"end":{"line":125,"column":211}},{"start":{"line":125,"column":215},"end":{"line":125,"column":244}}],"line":125},"92":{"loc":{"start":{"line":125,"column":255},"end":{"line":125,"column":406}},"type":"cond-expr","locations":[{"start":{"line":125,"column":299},"end":{"line":125,"column":307}},{"start":{"line":125,"column":310},"end":{"line":125,"column":406}}],"line":125},"93":{"loc":{"start":{"line":125,"column":255},"end":{"line":125,"column":296}},"type":"binary-expr","locations":[{"start":{"line":125,"column":255},"end":{"line":125,"column":262}},{"start":{"line":125,"column":266},"end":{"line":125,"column":296}}],"line":125},"94":{"loc":{"start":{"line":125,"column":310},"end":{"line":125,"column":406}},"type":"cond-expr","locations":[{"start":{"line":125,"column":320},"end":{"line":125,"column":355}},{"start":{"line":125,"column":358},"end":{"line":125,"column":406}}],"line":125},"95":{"loc":{"start":{"line":125,"column":358},"end":{"line":125,"column":406}},"type":"cond-expr","locations":[{"start":{"line":125,"column":368},"end":{"line":125,"column":398}},{"start":{"line":125,"column":401},"end":{"line":125,"column":406}}],"line":125},"96":{"loc":{"start":{"line":128,"column":23},"end":{"line":128,"column":48}},"type":"binary-expr","locations":[{"start":{"line":128,"column":23},"end":{"line":128,"column":33}},{"start":{"line":128,"column":37},"end":{"line":128,"column":48}}],"line":128},"97":{"loc":{"start":{"line":128,"column":50},"end":{"line":128,"column":72}},"type":"binary-expr","locations":[{"start":{"line":128,"column":50},"end":{"line":128,"column":56}},{"start":{"line":128,"column":60},"end":{"line":128,"column":72}}],"line":128},"98":{"loc":{"start":{"line":129,"column":20},"end":{"line":129,"column":116}},"type":"cond-expr","locations":[{"start":{"line":129,"column":31},"end":{"line":129,"column":108}},{"start":{"line":129,"column":112},"end":{"line":129,"column":116}}],"line":129},"99":{"loc":{"start":{"line":129,"column":31},"end":{"line":129,"column":108}},"type":"cond-expr","locations":[{"start":{"line":129,"column":53},"end":{"line":129,"column":67}},{"start":{"line":129,"column":70},"end":{"line":129,"column":108}}],"line":129},"100":{"loc":{"start":{"line":129,"column":85},"end":{"line":129,"column":107}},"type":"binary-expr","locations":[{"start":{"line":129,"column":85},"end":{"line":129,"column":91}},{"start":{"line":129,"column":95},"end":{"line":129,"column":107}}],"line":129},"101":{"loc":{"start":{"line":130,"column":22},"end":{"line":130,"column":118}},"type":"cond-expr","locations":[{"start":{"line":130,"column":33},"end":{"line":130,"column":110}},{"start":{"line":130,"column":114},"end":{"line":130,"column":118}}],"line":130},"102":{"loc":{"start":{"line":130,"column":33},"end":{"line":130,"column":110}},"type":"cond-expr","locations":[{"start":{"line":130,"column":55},"end":{"line":130,"column":69}},{"start":{"line":130,"column":72},"end":{"line":130,"column":110}}],"line":130},"103":{"loc":{"start":{"line":130,"column":87},"end":{"line":130,"column":109}},"type":"binary-expr","locations":[{"start":{"line":130,"column":87},"end":{"line":130,"column":93}},{"start":{"line":130,"column":97},"end":{"line":130,"column":109}}],"line":130},"104":{"loc":{"start":{"line":131,"column":4},"end":{"line":139,"column":5}},"type":"if","locations":[{"start":{"line":131,"column":4},"end":{"line":139,"column":5}},{"start":{},"end":{}}],"line":131},"105":{"loc":{"start":{"line":131,"column":8},"end":{"line":131,"column":83}},"type":"binary-expr","locations":[{"start":{"line":131,"column":9},"end":{"line":131,"column":16}},{"start":{"line":131,"column":20},"end":{"line":131,"column":41}},{"start":{"line":131,"column":47},"end":{"line":131,"column":54}},{"start":{"line":131,"column":58},"end":{"line":131,"column":82}}],"line":131},"106":{"loc":{"start":{"line":132,"column":6},"end":{"line":138,"column":7}},"type":"if","locations":[{"start":{"line":132,"column":6},"end":{"line":138,"column":7}},{"start":{"line":134,"column":13},"end":{"line":138,"column":7}}],"line":132},"107":{"loc":{"start":{"line":132,"column":10},"end":{"line":132,"column":136}},"type":"binary-expr","locations":[{"start":{"line":132,"column":11},"end":{"line":132,"column":18}},{"start":{"line":132,"column":22},"end":{"line":132,"column":43}},{"start":{"line":132,"column":48},"end":{"line":132,"column":89}},{"start":{"line":132,"column":93},"end":{"line":132,"column":136}}],"line":132},"108":{"loc":{"start":{"line":134,"column":13},"end":{"line":138,"column":7}},"type":"if","locations":[{"start":{"line":134,"column":13},"end":{"line":138,"column":7}},{"start":{"line":136,"column":13},"end":{"line":138,"column":7}}],"line":134},"109":{"loc":{"start":{"line":134,"column":17},"end":{"line":134,"column":146}},"type":"binary-expr","locations":[{"start":{"line":134,"column":18},"end":{"line":134,"column":25}},{"start":{"line":134,"column":29},"end":{"line":134,"column":53}},{"start":{"line":134,"column":58},"end":{"line":134,"column":99}},{"start":{"line":134,"column":103},"end":{"line":134,"column":146}}],"line":134},"110":{"loc":{"start":{"line":142,"column":36},"end":{"line":142,"column":58}},"type":"binary-expr","locations":[{"start":{"line":142,"column":36},"end":{"line":142,"column":42}},{"start":{"line":142,"column":46},"end":{"line":142,"column":58}}],"line":142},"111":{"loc":{"start":{"line":143,"column":4},"end":{"line":149,"column":5}},"type":"if","locations":[{"start":{"line":143,"column":4},"end":{"line":149,"column":5}},{"start":{"line":145,"column":11},"end":{"line":149,"column":5}}],"line":143},"112":{"loc":{"start":{"line":144,"column":51},"end":{"line":144,"column":73}},"type":"binary-expr","locations":[{"start":{"line":144,"column":51},"end":{"line":144,"column":57}},{"start":{"line":144,"column":61},"end":{"line":144,"column":73}}],"line":144},"113":{"loc":{"start":{"line":145,"column":11},"end":{"line":149,"column":5}},"type":"if","locations":[{"start":{"line":145,"column":11},"end":{"line":149,"column":5}},{"start":{"line":147,"column":11},"end":{"line":149,"column":5}}],"line":145},"114":{"loc":{"start":{"line":146,"column":49},"end":{"line":146,"column":71}},"type":"binary-expr","locations":[{"start":{"line":146,"column":49},"end":{"line":146,"column":55}},{"start":{"line":146,"column":59},"end":{"line":146,"column":71}}],"line":146},"115":{"loc":{"start":{"line":148,"column":34},"end":{"line":148,"column":56}},"type":"binary-expr","locations":[{"start":{"line":148,"column":34},"end":{"line":148,"column":40}},{"start":{"line":148,"column":44},"end":{"line":148,"column":56}}],"line":148},"116":{"loc":{"start":{"line":161,"column":4},"end":{"line":169,"column":5}},"type":"if","locations":[{"start":{"line":161,"column":4},"end":{"line":169,"column":5}},{"start":{"line":164,"column":9},"end":{"line":169,"column":5}}],"line":161},"117":{"loc":{"start":{"line":164,"column":9},"end":{"line":169,"column":5}},"type":"if","locations":[{"start":{"line":164,"column":9},"end":{"line":169,"column":5}},{"start":{"line":167,"column":9},"end":{"line":169,"column":5}}],"line":164},"118":{"loc":{"start":{"line":175,"column":6},"end":{"line":177,"column":7}},"type":"if","locations":[{"start":{"line":175,"column":6},"end":{"line":177,"column":7}},{"start":{},"end":{}}],"line":175},"119":{"loc":{"start":{"line":184,"column":4},"end":{"line":189,"column":5}},"type":"if","locations":[{"start":{"line":184,"column":4},"end":{"line":189,"column":5}},{"start":{"line":187,"column":9},"end":{"line":189,"column":5}}],"line":184},"120":{"loc":{"start":{"line":184,"column":8},"end":{"line":184,"column":23}},"type":"binary-expr","locations":[{"start":{"line":184,"column":8},"end":{"line":184,"column":12}},{"start":{"line":184,"column":16},"end":{"line":184,"column":23}}],"line":184},"121":{"loc":{"start":{"line":187,"column":9},"end":{"line":189,"column":5}},"type":"if","locations":[{"start":{"line":187,"column":9},"end":{"line":189,"column":5}},{"start":{},"end":{}}],"line":187},"122":{"loc":{"start":{"line":187,"column":13},"end":{"line":187,"column":28}},"type":"binary-expr","locations":[{"start":{"line":187,"column":13},"end":{"line":187,"column":18}},{"start":{"line":187,"column":22},"end":{"line":187,"column":28}}],"line":187},"123":{"loc":{"start":{"line":191,"column":23},"end":{"line":191,"column":200}},"type":"cond-expr","locations":[{"start":{"line":191,"column":31},"end":{"line":191,"column":175}},{"start":{"line":191,"column":179},"end":{"line":191,"column":200}}],"line":191},"124":{"loc":{"start":{"line":191,"column":31},"end":{"line":191,"column":175}},"type":"cond-expr","locations":[{"start":{"line":191,"column":39},"end":{"line":191,"column":169}},{"start":{"line":191,"column":173},"end":{"line":191,"column":175}}],"line":191},"125":{"loc":{"start":{"line":191,"column":39},"end":{"line":191,"column":169}},"type":"cond-expr","locations":[{"start":{"line":191,"column":58},"end":{"line":191,"column":100}},{"start":{"line":191,"column":103},"end":{"line":191,"column":169}}],"line":191},"126":{"loc":{"start":{"line":191,"column":77},"end":{"line":191,"column":99}},"type":"binary-expr","locations":[{"start":{"line":191,"column":77},"end":{"line":191,"column":83}},{"start":{"line":191,"column":87},"end":{"line":191,"column":99}}],"line":191},"127":{"loc":{"start":{"line":191,"column":115},"end":{"line":191,"column":137}},"type":"binary-expr","locations":[{"start":{"line":191,"column":115},"end":{"line":191,"column":121}},{"start":{"line":191,"column":125},"end":{"line":191,"column":137}}],"line":191},"128":{"loc":{"start":{"line":191,"column":146},"end":{"line":191,"column":168}},"type":"binary-expr","locations":[{"start":{"line":191,"column":146},"end":{"line":191,"column":152}},{"start":{"line":191,"column":156},"end":{"line":191,"column":168}}],"line":191},"129":{"loc":{"start":{"line":195,"column":18},"end":{"line":195,"column":55}},"type":"cond-expr","locations":[{"start":{"line":195,"column":25},"end":{"line":195,"column":31}},{"start":{"line":195,"column":34},"end":{"line":195,"column":55}}],"line":195},"130":{"loc":{"start":{"line":198,"column":15},"end":{"line":198,"column":133}},"type":"cond-expr","locations":[{"start":{"line":198,"column":23},"end":{"line":198,"column":111}},{"start":{"line":198,"column":115},"end":{"line":198,"column":133}}],"line":198},"131":{"loc":{"start":{"line":198,"column":23},"end":{"line":198,"column":111}},"type":"cond-expr","locations":[{"start":{"line":198,"column":42},"end":{"line":198,"column":63}},{"start":{"line":198,"column":66},"end":{"line":198,"column":111}}],"line":198},"132":{"loc":{"start":{"line":198,"column":78},"end":{"line":198,"column":100}},"type":"binary-expr","locations":[{"start":{"line":198,"column":78},"end":{"line":198,"column":84}},{"start":{"line":198,"column":88},"end":{"line":198,"column":100}}],"line":198},"133":{"loc":{"start":{"line":211,"column":34},"end":{"line":211,"column":56}},"type":"binary-expr","locations":[{"start":{"line":211,"column":34},"end":{"line":211,"column":40}},{"start":{"line":211,"column":44},"end":{"line":211,"column":56}}],"line":211},"134":{"loc":{"start":{"line":212,"column":21},"end":{"line":212,"column":98}},"type":"cond-expr","locations":[{"start":{"line":212,"column":43},"end":{"line":212,"column":57}},{"start":{"line":212,"column":60},"end":{"line":212,"column":98}}],"line":212},"135":{"loc":{"start":{"line":212,"column":75},"end":{"line":212,"column":97}},"type":"binary-expr","locations":[{"start":{"line":212,"column":75},"end":{"line":212,"column":81}},{"start":{"line":212,"column":85},"end":{"line":212,"column":97}}],"line":212},"136":{"loc":{"start":{"line":213,"column":21},"end":{"line":213,"column":98}},"type":"cond-expr","locations":[{"start":{"line":213,"column":43},"end":{"line":213,"column":57}},{"start":{"line":213,"column":60},"end":{"line":213,"column":98}}],"line":213},"137":{"loc":{"start":{"line":213,"column":75},"end":{"line":213,"column":97}},"type":"binary-expr","locations":[{"start":{"line":213,"column":75},"end":{"line":213,"column":81}},{"start":{"line":213,"column":85},"end":{"line":213,"column":97}}],"line":213},"138":{"loc":{"start":{"line":214,"column":4},"end":{"line":221,"column":5}},"type":"if","locations":[{"start":{"line":214,"column":4},"end":{"line":221,"column":5}},{"start":{},"end":{}}],"line":214},"139":{"loc":{"start":{"line":214,"column":8},"end":{"line":214,"column":196}},"type":"binary-expr","locations":[{"start":{"line":214,"column":8},"end":{"line":214,"column":23}},{"start":{"line":214,"column":27},"end":{"line":214,"column":196}}],"line":214},"140":{"loc":{"start":{"line":214,"column":43},"end":{"line":214,"column":123}},"type":"cond-expr","locations":[{"start":{"line":214,"column":53},"end":{"line":214,"column":88}},{"start":{"line":214,"column":91},"end":{"line":214,"column":123}}],"line":214},"141":{"loc":{"start":{"line":214,"column":125},"end":{"line":214,"column":195}},"type":"cond-expr","locations":[{"start":{"line":214,"column":135},"end":{"line":214,"column":165}},{"start":{"line":214,"column":168},"end":{"line":214,"column":195}}],"line":214},"142":{"loc":{"start":{"line":215,"column":35},"end":{"line":215,"column":57}},"type":"binary-expr","locations":[{"start":{"line":215,"column":35},"end":{"line":215,"column":41}},{"start":{"line":215,"column":45},"end":{"line":215,"column":57}}],"line":215},"143":{"loc":{"start":{"line":215,"column":66},"end":{"line":215,"column":88}},"type":"binary-expr","locations":[{"start":{"line":215,"column":66},"end":{"line":215,"column":72}},{"start":{"line":215,"column":76},"end":{"line":215,"column":88}}],"line":215},"144":{"loc":{"start":{"line":216,"column":35},"end":{"line":216,"column":57}},"type":"binary-expr","locations":[{"start":{"line":216,"column":35},"end":{"line":216,"column":41}},{"start":{"line":216,"column":45},"end":{"line":216,"column":57}}],"line":216},"145":{"loc":{"start":{"line":229,"column":24},"end":{"line":229,"column":106}},"type":"cond-expr","locations":[{"start":{"line":229,"column":32},"end":{"line":229,"column":100}},{"start":{"line":229,"column":104},"end":{"line":229,"column":106}}],"line":229},"146":{"loc":{"start":{"line":229,"column":32},"end":{"line":229,"column":100}},"type":"cond-expr","locations":[{"start":{"line":229,"column":51},"end":{"line":229,"column":62}},{"start":{"line":229,"column":65},"end":{"line":229,"column":100}}],"line":229},"147":{"loc":{"start":{"line":229,"column":77},"end":{"line":229,"column":99}},"type":"binary-expr","locations":[{"start":{"line":229,"column":77},"end":{"line":229,"column":83}},{"start":{"line":229,"column":87},"end":{"line":229,"column":99}}],"line":229},"148":{"loc":{"start":{"line":230,"column":22},"end":{"line":230,"column":118}},"type":"cond-expr","locations":[{"start":{"line":230,"column":33},"end":{"line":230,"column":110}},{"start":{"line":230,"column":114},"end":{"line":230,"column":118}}],"line":230},"149":{"loc":{"start":{"line":230,"column":33},"end":{"line":230,"column":110}},"type":"cond-expr","locations":[{"start":{"line":230,"column":55},"end":{"line":230,"column":69}},{"start":{"line":230,"column":72},"end":{"line":230,"column":110}}],"line":230},"150":{"loc":{"start":{"line":230,"column":87},"end":{"line":230,"column":109}},"type":"binary-expr","locations":[{"start":{"line":230,"column":87},"end":{"line":230,"column":93}},{"start":{"line":230,"column":97},"end":{"line":230,"column":109}}],"line":230},"151":{"loc":{"start":{"line":231,"column":20},"end":{"line":231,"column":116}},"type":"cond-expr","locations":[{"start":{"line":231,"column":31},"end":{"line":231,"column":108}},{"start":{"line":231,"column":112},"end":{"line":231,"column":116}}],"line":231},"152":{"loc":{"start":{"line":231,"column":31},"end":{"line":231,"column":108}},"type":"cond-expr","locations":[{"start":{"line":231,"column":53},"end":{"line":231,"column":67}},{"start":{"line":231,"column":70},"end":{"line":231,"column":108}}],"line":231},"153":{"loc":{"start":{"line":231,"column":85},"end":{"line":231,"column":107}},"type":"binary-expr","locations":[{"start":{"line":231,"column":85},"end":{"line":231,"column":91}},{"start":{"line":231,"column":95},"end":{"line":231,"column":107}}],"line":231},"154":{"loc":{"start":{"line":232,"column":4},"end":{"line":249,"column":5}},"type":"if","locations":[{"start":{"line":232,"column":4},"end":{"line":249,"column":5}},{"start":{"line":235,"column":9},"end":{"line":249,"column":5}}],"line":232},"155":{"loc":{"start":{"line":232,"column":8},"end":{"line":232,"column":46}},"type":"binary-expr","locations":[{"start":{"line":232,"column":8},"end":{"line":232,"column":16}},{"start":{"line":232,"column":20},"end":{"line":232,"column":31}},{"start":{"line":232,"column":35},"end":{"line":232,"column":46}}],"line":232},"156":{"loc":{"start":{"line":235,"column":9},"end":{"line":249,"column":5}},"type":"if","locations":[{"start":{"line":235,"column":9},"end":{"line":249,"column":5}},{"start":{"line":238,"column":9},"end":{"line":249,"column":5}}],"line":235},"157":{"loc":{"start":{"line":235,"column":13},"end":{"line":235,"column":79}},"type":"binary-expr","locations":[{"start":{"line":235,"column":13},"end":{"line":235,"column":22}},{"start":{"line":235,"column":26},"end":{"line":235,"column":33}},{"start":{"line":235,"column":37},"end":{"line":235,"column":79}}],"line":235},"158":{"loc":{"start":{"line":238,"column":9},"end":{"line":249,"column":5}},"type":"if","locations":[{"start":{"line":238,"column":9},"end":{"line":249,"column":5}},{"start":{"line":241,"column":9},"end":{"line":249,"column":5}}],"line":238},"159":{"loc":{"start":{"line":238,"column":13},"end":{"line":238,"column":94}},"type":"binary-expr","locations":[{"start":{"line":238,"column":13},"end":{"line":238,"column":24}},{"start":{"line":238,"column":28},"end":{"line":238,"column":37}},{"start":{"line":238,"column":41},"end":{"line":238,"column":94}}],"line":238},"160":{"loc":{"start":{"line":241,"column":9},"end":{"line":249,"column":5}},"type":"if","locations":[{"start":{"line":241,"column":9},"end":{"line":249,"column":5}},{"start":{"line":244,"column":9},"end":{"line":249,"column":5}}],"line":241},"161":{"loc":{"start":{"line":241,"column":13},"end":{"line":241,"column":89}},"type":"binary-expr","locations":[{"start":{"line":241,"column":13},"end":{"line":241,"column":24}},{"start":{"line":241,"column":28},"end":{"line":241,"column":35}},{"start":{"line":241,"column":39},"end":{"line":241,"column":89}}],"line":241},"162":{"loc":{"start":{"line":244,"column":9},"end":{"line":249,"column":5}},"type":"if","locations":[{"start":{"line":244,"column":9},"end":{"line":249,"column":5}},{"start":{"line":247,"column":9},"end":{"line":249,"column":5}}],"line":244},"163":{"loc":{"start":{"line":245,"column":13},"end":{"line":245,"column":143}},"type":"cond-expr","locations":[{"start":{"line":245,"column":32},"end":{"line":245,"column":74}},{"start":{"line":245,"column":77},"end":{"line":245,"column":143}}],"line":245},"164":{"loc":{"start":{"line":245,"column":51},"end":{"line":245,"column":73}},"type":"binary-expr","locations":[{"start":{"line":245,"column":51},"end":{"line":245,"column":57}},{"start":{"line":245,"column":61},"end":{"line":245,"column":73}}],"line":245},"165":{"loc":{"start":{"line":245,"column":89},"end":{"line":245,"column":111}},"type":"binary-expr","locations":[{"start":{"line":245,"column":89},"end":{"line":245,"column":95}},{"start":{"line":245,"column":99},"end":{"line":245,"column":111}}],"line":245},"166":{"loc":{"start":{"line":245,"column":120},"end":{"line":245,"column":142}},"type":"binary-expr","locations":[{"start":{"line":245,"column":120},"end":{"line":245,"column":126}},{"start":{"line":245,"column":130},"end":{"line":245,"column":142}}],"line":245},"167":{"loc":{"start":{"line":254,"column":160},"end":{"line":254,"column":184}},"type":"default-arg","locations":[{"start":{"line":254,"column":175},"end":{"line":254,"column":184}}],"line":254},"168":{"loc":{"start":{"line":254,"column":186},"end":{"line":254,"column":210}},"type":"default-arg","locations":[{"start":{"line":254,"column":203},"end":{"line":254,"column":210}}],"line":254},"169":{"loc":{"start":{"line":254,"column":212},"end":{"line":254,"column":238}},"type":"default-arg","locations":[{"start":{"line":254,"column":231},"end":{"line":254,"column":238}}],"line":254},"170":{"loc":{"start":{"line":254,"column":240},"end":{"line":254,"column":268}},"type":"default-arg","locations":[{"start":{"line":254,"column":261},"end":{"line":254,"column":268}}],"line":254},"171":{"loc":{"start":{"line":256,"column":21},"end":{"line":256,"column":179}},"type":"cond-expr","locations":[{"start":{"line":256,"column":32},"end":{"line":256,"column":171}},{"start":{"line":256,"column":175},"end":{"line":256,"column":179}}],"line":256},"172":{"loc":{"start":{"line":256,"column":32},"end":{"line":256,"column":171}},"type":"cond-expr","locations":[{"start":{"line":256,"column":54},"end":{"line":256,"column":99}},{"start":{"line":256,"column":102},"end":{"line":256,"column":171}}],"line":256},"173":{"loc":{"start":{"line":256,"column":76},"end":{"line":256,"column":98}},"type":"binary-expr","locations":[{"start":{"line":256,"column":76},"end":{"line":256,"column":82}},{"start":{"line":256,"column":86},"end":{"line":256,"column":98}}],"line":256},"174":{"loc":{"start":{"line":256,"column":117},"end":{"line":256,"column":139}},"type":"binary-expr","locations":[{"start":{"line":256,"column":117},"end":{"line":256,"column":123}},{"start":{"line":256,"column":127},"end":{"line":256,"column":139}}],"line":256},"175":{"loc":{"start":{"line":256,"column":148},"end":{"line":256,"column":170}},"type":"binary-expr","locations":[{"start":{"line":256,"column":148},"end":{"line":256,"column":154}},{"start":{"line":256,"column":158},"end":{"line":256,"column":170}}],"line":256},"176":{"loc":{"start":{"line":257,"column":21},"end":{"line":257,"column":179}},"type":"cond-expr","locations":[{"start":{"line":257,"column":32},"end":{"line":257,"column":171}},{"start":{"line":257,"column":175},"end":{"line":257,"column":179}}],"line":257},"177":{"loc":{"start":{"line":257,"column":32},"end":{"line":257,"column":171}},"type":"cond-expr","locations":[{"start":{"line":257,"column":54},"end":{"line":257,"column":99}},{"start":{"line":257,"column":102},"end":{"line":257,"column":171}}],"line":257},"178":{"loc":{"start":{"line":257,"column":76},"end":{"line":257,"column":98}},"type":"binary-expr","locations":[{"start":{"line":257,"column":76},"end":{"line":257,"column":82}},{"start":{"line":257,"column":86},"end":{"line":257,"column":98}}],"line":257},"179":{"loc":{"start":{"line":257,"column":117},"end":{"line":257,"column":139}},"type":"binary-expr","locations":[{"start":{"line":257,"column":117},"end":{"line":257,"column":123}},{"start":{"line":257,"column":127},"end":{"line":257,"column":139}}],"line":257},"180":{"loc":{"start":{"line":257,"column":148},"end":{"line":257,"column":170}},"type":"binary-expr","locations":[{"start":{"line":257,"column":148},"end":{"line":257,"column":154}},{"start":{"line":257,"column":158},"end":{"line":257,"column":170}}],"line":257},"181":{"loc":{"start":{"line":261,"column":9},"end":{"line":264,"column":24}},"type":"binary-expr","locations":[{"start":{"line":261,"column":9},"end":{"line":261,"column":14}},{"start":{"line":261,"column":18},"end":{"line":264,"column":24}}],"line":261},"182":{"loc":{"start":{"line":268,"column":27},"end":{"line":268,"column":59}},"type":"binary-expr","locations":[{"start":{"line":268,"column":27},"end":{"line":268,"column":36}},{"start":{"line":268,"column":40},"end":{"line":268,"column":59}}],"line":268},"183":{"loc":{"start":{"line":273,"column":17},"end":{"line":273,"column":65}},"type":"cond-expr","locations":[{"start":{"line":273,"column":30},"end":{"line":273,"column":56}},{"start":{"line":273,"column":60},"end":{"line":273,"column":65}}],"line":273},"184":{"loc":{"start":{"line":273,"column":30},"end":{"line":273,"column":56}},"type":"cond-expr","locations":[{"start":{"line":273,"column":40},"end":{"line":273,"column":48}},{"start":{"line":273,"column":51},"end":{"line":273,"column":56}}],"line":273},"185":{"loc":{"start":{"line":275,"column":9},"end":{"line":279,"column":10}},"type":"binary-expr","locations":[{"start":{"line":275,"column":9},"end":{"line":275,"column":13}},{"start":{"line":275,"column":17},"end":{"line":279,"column":10}}],"line":275},"186":{"loc":{"start":{"line":280,"column":9},"end":{"line":335,"column":28}},"type":"binary-expr","locations":[{"start":{"line":280,"column":9},"end":{"line":280,"column":22}},{"start":{"line":280,"column":26},"end":{"line":280,"column":33}},{"start":{"line":280,"column":38},"end":{"line":280,"column":70}},{"start":{"line":280,"column":74},"end":{"line":280,"column":140}},{"start":{"line":280,"column":145},"end":{"line":335,"column":28}}],"line":280},"187":{"loc":{"start":{"line":280,"column":107},"end":{"line":280,"column":129}},"type":"binary-expr","locations":[{"start":{"line":280,"column":107},"end":{"line":280,"column":113}},{"start":{"line":280,"column":117},"end":{"line":280,"column":129}}],"line":280},"188":{"loc":{"start":{"line":285,"column":16},"end":{"line":289,"column":17}},"type":"if","locations":[{"start":{"line":285,"column":16},"end":{"line":289,"column":17}},{"start":{"line":287,"column":23},"end":{"line":289,"column":17}}],"line":285},"189":{"loc":{"start":{"line":311,"column":16},"end":{"line":315,"column":17}},"type":"if","locations":[{"start":{"line":311,"column":16},"end":{"line":315,"column":17}},{"start":{"line":313,"column":23},"end":{"line":315,"column":17}}],"line":311}},"s":{"0":1,"1":1,"2":1,"3":1,"4":13,"5":13,"6":13,"7":13,"8":13,"9":13,"10":13,"11":115,"12":115,"13":115,"14":115,"15":21,"16":21,"17":21,"18":21,"19":21,"20":21,"21":21,"22":21,"23":21,"24":21,"25":21,"26":21,"27":21,"28":21,"29":7,"30":1,"31":1,"32":1,"33":1,"34":1,"35":1,"36":1,"37":1,"38":1,"39":1,"40":1,"41":1,"42":1,"43":1,"44":0,"45":1,"46":0,"47":1,"48":0,"49":0,"50":0,"51":0,"52":0,"53":0,"54":0,"55":0,"56":0,"57":0,"58":1,"59":1,"60":1,"61":1,"62":1,"63":1,"64":1,"65":1,"66":1,"67":1,"68":1,"69":1,"70":1,"71":1,"72":0,"73":1,"74":0,"75":1,"76":0,"77":0,"78":0,"79":0,"80":0,"81":0,"82":0,"83":0,"84":0,"85":0,"86":21,"87":21,"88":0,"89":21,"90":0,"91":21,"92":21,"93":0,"94":0,"95":0,"96":0,"97":7,"98":7,"99":0,"100":7,"101":0,"102":7,"103":7,"104":7,"105":0,"106":0,"107":0,"108":0,"109":0,"110":0,"111":0,"112":0,"113":0,"114":0,"115":0,"116":0,"117":0,"118":0,"119":0,"120":0,"121":44,"122":44,"123":44,"124":44,"125":44,"126":44,"127":44,"128":3,"129":41,"130":4,"131":37,"132":0,"133":37,"134":0,"135":37,"136":32,"137":5,"138":41,"139":41,"140":41,"141":41,"142":41,"143":41,"144":41,"145":0,"146":0,"147":0,"148":0,"149":0,"150":0,"151":0,"152":0,"153":0,"154":0,"155":0,"156":0,"157":0,"158":0,"159":1},"f":{"0":13,"1":115,"2":21,"3":21,"4":1,"5":1,"6":21,"7":0,"8":0,"9":7,"10":0,"11":0,"12":0,"13":44,"14":41,"15":0,"16":0,"17":0,"18":0,"19":0,"20":0,"21":0,"22":0,"23":0,"24":0},"b":{"0":[13,8,2,2],"1":[13,5,1,1],"2":[13,5,1,1],"3":[8,5],"4":[2,6],"5":[2,0],"6":[6,0],"7":[6,0],"8":[8,5],"9":[2,6],"10":[6,0],"11":[5,8],"12":[1,4],"13":[4,0],"14":[5,8],"15":[1,4],"16":[4,0],"17":[13,5],"18":[5,0],"19":[13,0],"20":[115,91,31,31],"21":[115,39,17,17],"22":[115,39,17,17],"23":[21,1],"24":[1,0],"25":[21,0],"26":[3,18],"27":[18,0],"28":[3,18],"29":[18,0],"30":[19,2],"31":[6,15],"32":[6,15],"33":[2,0],"34":[2,2],"35":[0,0],"36":[0,0],"37":[0,0],"38":[0,0],"39":[21,1],"40":[1,0],"41":[21,0],"42":[21,0],"43":[7,14],"44":[1,0],"45":[0,0],"46":[1,0],"47":[1,0],"48":[0,0],"49":[1,0],"50":[0,0],"51":[0,1],"52":[1,0],"53":[1,0],"54":[1,0],"55":[1,1],"56":[0,0],"57":[0,0],"58":[0,0],"59":[0,0],"60":[1,0],"61":[1,0],"62":[1,0],"63":[1,0],"64":[0,0],"65":[1,0],"66":[1,0],"67":[0,0],"68":[1,0],"69":[1,1,1,1],"70":[0,1],"71":[1,1,0,0],"72":[0,1],"73":[1,1,1,0],"74":[0,0],"75":[0,0],"76":[0,0],"77":[0,0],"78":[0,0],"79":[0,0],"80":[1,0],"81":[0,0],"82":[1,0],"83":[1,0],"84":[0,0],"85":[1,0],"86":[0,0],"87":[0,1],"88":[1,0],"89":[1,0],"90":[1,0],"91":[1,1],"92":[0,0],"93":[0,0],"94":[0,0],"95":[0,0],"96":[1,0],"97":[1,0],"98":[1,0],"99":[1,0],"100":[0,0],"101":[1,0],"102":[1,0],"103":[0,0],"104":[1,0],"105":[1,1,1,1],"106":[0,1],"107":[1,1,0,0],"108":[0,1],"109":[1,1,1,0],"110":[0,0],"111":[0,0],"112":[0,0],"113":[0,0],"114":[0,0],"115":[0,0],"116":[0,21],"117":[0,21],"118":[0,0],"119":[0,7],"120":[7,0],"121":[0,7],"122":[7,7],"123":[0,7],"124":[0,0],"125":[0,0],"126":[0,0],"127":[0,0],"128":[0,0],"129":[0,7],"130":[6,1],"131":[2,4],"132":[4,0],"133":[0,0],"134":[0,0],"135":[0,0],"136":[0,0],"137":[0,0],"138":[0,0],"139":[0,0],"140":[0,0],"141":[0,0],"142":[0,0],"143":[0,0],"144":[0,0],"145":[33,11],"146":[11,22],"147":[22,0],"148":[16,28],"149":[6,10],"150":[10,0],"151":[16,28],"152":[6,10],"153":[10,0],"154":[3,41],"155":[44,43,42],"156":[4,37],"157":[41,15,15],"158":[0,37],"159":[37,32,11],"160":[0,37],"161":[37,32,11],"162":[32,5],"163":[11,21],"164":[11,0],"165":[21,0],"166":[21,0],"167":[41],"168":[41],"169":[41],"170":[41],"171":[13,28],"172":[5,8],"173":[5,0],"174":[8,0],"175":[8,0],"176":[13,28],"177":[5,8],"178":[5,0],"179":[8,0],"180":[8,0],"181":[41,0],"182":[0,0],"183":[0,41],"184":[0,0],"185":[41,0],"186":[41,0,0,0,0],"187":[0,0],"188":[0,0],"189":[0,0]},"_coverageSchema":"1a1c01bbd47fc00a2c39e90264f33305004495a9","hash":"d33be93e7a109c152651e74ab512f609aa789249"}
,"/Users/luisalfredo/luisdate/react-modern-datepicker/lib/elements/CalendarBody.js": {"path":"/Users/luisalfredo/luisdate/react-modern-datepicker/lib/elements/CalendarBody.js","statementMap":{"0":{"start":{"line":8,"column":21},"end":{"line":51,"column":1}},"1":{"start":{"line":9,"column":160},"end":{"line":9,"column":165}},"2":{"start":{"line":10,"column":2},"end":{"line":50,"column":4}},"3":{"start":{"line":18,"column":33},"end":{"line":18,"column":56}},"4":{"start":{"line":30,"column":34},"end":{"line":30,"column":58}},"5":{"start":{"line":42,"column":33},"end":{"line":42,"column":56}},"6":{"start":{"line":53,"column":0},"end":{"line":74,"column":2}}},"fnMap":{"0":{"name":"(anonymous_0)","decl":{"start":{"line":8,"column":21},"end":{"line":8,"column":22}},"loc":{"start":{"line":8,"column":30},"end":{"line":51,"column":1}},"line":8},"1":{"name":"(anonymous_1)","decl":{"start":{"line":18,"column":22},"end":{"line":18,"column":23}},"loc":{"start":{"line":18,"column":33},"end":{"line":18,"column":56}},"line":18},"2":{"name":"(anonymous_2)","decl":{"start":{"line":30,"column":23},"end":{"line":30,"column":24}},"loc":{"start":{"line":30,"column":34},"end":{"line":30,"column":58}},"line":30},"3":{"name":"(anonymous_3)","decl":{"start":{"line":42,"column":22},"end":{"line":42,"column":23}},"loc":{"start":{"line":42,"column":33},"end":{"line":42,"column":56}},"line":42}},"branchMap":{"0":{"loc":{"start":{"line":12,"column":7},"end":{"line":23,"column":8}},"type":"binary-expr","locations":[{"start":{"line":12,"column":7},"end":{"line":12,"column":25}},{"start":{"line":12,"column":29},"end":{"line":23,"column":8}}],"line":12},"1":{"loc":{"start":{"line":24,"column":7},"end":{"line":35,"column":32}},"type":"binary-expr","locations":[{"start":{"line":24,"column":7},"end":{"line":24,"column":26}},{"start":{"line":24,"column":30},"end":{"line":35,"column":32}}],"line":24},"2":{"loc":{"start":{"line":36,"column":7},"end":{"line":48,"column":8}},"type":"binary-expr","locations":[{"start":{"line":36,"column":7},"end":{"line":36,"column":25}},{"start":{"line":36,"column":29},"end":{"line":48,"column":8}}],"line":36}},"s":{"0":1,"1":0,"2":0,"3":0,"4":0,"5":0,"6":1},"f":{"0":0,"1":0,"2":0,"3":0},"b":{"0":[0,0],"1":[0,0],"2":[0,0]},"_coverageSchema":"1a1c01bbd47fc00a2c39e90264f33305004495a9","hash":"8bfb541cd9abce2e5caad310d95d023d9ebdee0f"}
,"/Users/luisalfredo/luisdate/react-modern-datepicker/lib/elements/CalendarContainer.js": {"path":"/Users/luisalfredo/luisdate/react-modern-datepicker/lib/elements/CalendarContainer.js","statementMap":{"0":{"start":{"line":2,"column":26},"end":{"line":20,"column":1}},"1":{"start":{"line":14,"column":34},"end":{"line":14,"column":54}}},"fnMap":{"0":{"name":"(anonymous_0)","decl":{"start":{"line":14,"column":25},"end":{"line":14,"column":26}},"loc":{"start":{"line":14,"column":34},"end":{"line":14,"column":54}},"line":14}},"branchMap":{},"s":{"0":1,"1":0},"f":{"0":0},"b":{},"_coverageSchema":"1a1c01bbd47fc00a2c39e90264f33305004495a9","hash":"cb1a0ede2b8e2a4764e135bf979ebe99c497da9d"}
,"/Users/luisalfredo/luisdate/react-modern-datepicker/lib/elements/CalendarHeading.js": {"path":"/Users/luisalfredo/luisdate/react-modern-datepicker/lib/elements/CalendarHeading.js","statementMap":{"0":{"start":{"line":2,"column":24},"end":{"line":11,"column":1}},"1":{"start":{"line":8,"column":34},"end":{"line":8,"column":54}}},"fnMap":{"0":{"name":"(anonymous_0)","decl":{"start":{"line":8,"column":25},"end":{"line":8,"column":26}},"loc":{"start":{"line":8,"column":34},"end":{"line":8,"column":54}},"line":8}},"branchMap":{},"s":{"0":1,"1":0},"f":{"0":0},"b":{},"_coverageSchema":"1a1c01bbd47fc00a2c39e90264f33305004495a9","hash":"062beffd285e3d234e2ad77787d1968c088158f4"}
,"/Users/luisalfredo/luisdate/react-modern-datepicker/lib/elements/Container.js": {"path":"/Users/luisalfredo/luisdate/react-modern-datepicker/lib/elements/Container.js","statementMap":{"0":{"start":{"line":2,"column":18},"end":{"line":6,"column":1}}},"fnMap":{},"branchMap":{},"s":{"0":1},"f":{},"b":{},"_coverageSchema":"1a1c01bbd47fc00a2c39e90264f33305004495a9","hash":"a5d008b7f7696f6c1fb254add90be06d7e94b653"}
,"/Users/luisalfredo/luisdate/react-modern-datepicker/lib/elements/DateEditor.js": {"path":"/Users/luisalfredo/luisdate/react-modern-datepicker/lib/elements/DateEditor.js","statementMap":{"0":{"start":{"line":10,"column":0},"end":{"line":10,"column":32}},"1":{"start":{"line":11,"column":0},"end":{"line":11,"column":24}},"2":{"start":{"line":12,"column":0},"end":{"line":12,"column":28}},"3":{"start":{"line":13,"column":0},"end":{"line":13,"column":29}},"4":{"start":{"line":14,"column":13},"end":{"line":25,"column":1}},"5":{"start":{"line":17,"column":19},"end":{"line":17,"column":41}},"6":{"start":{"line":26,"column":21},"end":{"line":29,"column":1}},"7":{"start":{"line":27,"column":19},"end":{"line":27,"column":41}},"8":{"start":{"line":30,"column":16},"end":{"line":35,"column":1}},"9":{"start":{"line":32,"column":25},"end":{"line":32,"column":45}},"10":{"start":{"line":39,"column":19},"end":{"line":88,"column":1}},"11":{"start":{"line":40,"column":20},"end":{"line":40,"column":22}},"12":{"start":{"line":42,"column":159},"end":{"line":42,"column":164}},"13":{"start":{"line":44,"column":16},"end":{"line":44,"column":93}},"14":{"start":{"line":45,"column":19},"end":{"line":45,"column":57}},"15":{"start":{"line":46,"column":19},"end":{"line":46,"column":57}},"16":{"start":{"line":48,"column":2},"end":{"line":52,"column":3}},"17":{"start":{"line":49,"column":4},"end":{"line":49,"column":65}},"18":{"start":{"line":51,"column":4},"end":{"line":51,"column":401}},"19":{"start":{"line":54,"column":14},"end":{"line":54,"column":96}},"20":{"start":{"line":55,"column":16},"end":{"line":55,"column":100}},"21":{"start":{"line":56,"column":15},"end":{"line":56,"column":101}},"22":{"start":{"line":59,"column":23},"end":{"line":78,"column":3}},"23":{"start":{"line":80,"column":2},"end":{"line":87,"column":4}},"24":{"start":{"line":83,"column":21},"end":{"line":83,"column":60}},"25":{"start":{"line":84,"column":8},"end":{"line":84,"column":48}},"26":{"start":{"line":89,"column":0},"end":{"line":109,"column":2}}},"fnMap":{"0":{"name":"(anonymous_0)","decl":{"start":{"line":17,"column":10},"end":{"line":17,"column":11}},"loc":{"start":{"line":17,"column":19},"end":{"line":17,"column":41}},"line":17},"1":{"name":"(anonymous_1)","decl":{"start":{"line":27,"column":10},"end":{"line":27,"column":11}},"loc":{"start":{"line":27,"column":19},"end":{"line":27,"column":41}},"line":27},"2":{"name":"(anonymous_2)","decl":{"start":{"line":32,"column":16},"end":{"line":32,"column":17}},"loc":{"start":{"line":32,"column":25},"end":{"line":32,"column":45}},"line":32},"3":{"name":"(anonymous_3)","decl":{"start":{"line":39,"column":19},"end":{"line":39,"column":20}},"loc":{"start":{"line":39,"column":28},"end":{"line":88,"column":1}},"line":39},"4":{"name":"(anonymous_4)","decl":{"start":{"line":82,"column":27},"end":{"line":82,"column":28}},"loc":{"start":{"line":82,"column":40},"end":{"line":85,"column":7}},"line":82}},"branchMap":{"0":{"loc":{"start":{"line":42,"column":126},"end":{"line":42,"column":154}},"type":"default-arg","locations":[{"start":{"line":42,"column":139},"end":{"line":42,"column":154}}],"line":42},"1":{"loc":{"start":{"line":44,"column":22},"end":{"line":44,"column":68}},"type":"binary-expr","locations":[{"start":{"line":44,"column":22},"end":{"line":44,"column":26}},{"start":{"line":44,"column":30},"end":{"line":44,"column":68}}],"line":44},"2":{"loc":{"start":{"line":44,"column":45},"end":{"line":44,"column":67}},"type":"binary-expr","locations":[{"start":{"line":44,"column":45},"end":{"line":44,"column":51}},{"start":{"line":44,"column":55},"end":{"line":44,"column":67}}],"line":44},"3":{"loc":{"start":{"line":44,"column":70},"end":{"line":44,"column":92}},"type":"binary-expr","locations":[{"start":{"line":44,"column":70},"end":{"line":44,"column":76}},{"start":{"line":44,"column":80},"end":{"line":44,"column":92}}],"line":44},"4":{"loc":{"start":{"line":45,"column":34},"end":{"line":45,"column":56}},"type":"binary-expr","locations":[{"start":{"line":45,"column":34},"end":{"line":45,"column":40}},{"start":{"line":45,"column":44},"end":{"line":45,"column":56}}],"line":45},"5":{"loc":{"start":{"line":46,"column":34},"end":{"line":46,"column":56}},"type":"binary-expr","locations":[{"start":{"line":46,"column":34},"end":{"line":46,"column":40}},{"start":{"line":46,"column":44},"end":{"line":46,"column":56}}],"line":46},"6":{"loc":{"start":{"line":48,"column":2},"end":{"line":52,"column":3}},"type":"if","locations":[{"start":{"line":48,"column":2},"end":{"line":52,"column":3}},{"start":{"line":50,"column":9},"end":{"line":52,"column":3}}],"line":48},"7":{"loc":{"start":{"line":48,"column":6},"end":{"line":48,"column":66}},"type":"binary-expr","locations":[{"start":{"line":48,"column":6},"end":{"line":48,"column":21}},{"start":{"line":48,"column":25},"end":{"line":48,"column":30}},{"start":{"line":48,"column":34},"end":{"line":48,"column":66}}],"line":48},"8":{"loc":{"start":{"line":49,"column":41},"end":{"line":49,"column":63}},"type":"binary-expr","locations":[{"start":{"line":49,"column":41},"end":{"line":49,"column":47}},{"start":{"line":49,"column":51},"end":{"line":49,"column":63}}],"line":49},"9":{"loc":{"start":{"line":51,"column":18},"end":{"line":51,"column":400}},"type":"cond-expr","locations":[{"start":{"line":51,"column":190},"end":{"line":51,"column":195}},{"start":{"line":51,"column":198},"end":{"line":51,"column":400}}],"line":51},"10":{"loc":{"start":{"line":51,"column":34},"end":{"line":51,"column":114}},"type":"cond-expr","locations":[{"start":{"line":51,"column":44},"end":{"line":51,"column":79}},{"start":{"line":51,"column":82},"end":{"line":51,"column":114}}],"line":51},"11":{"loc":{"start":{"line":51,"column":116},"end":{"line":51,"column":186}},"type":"cond-expr","locations":[{"start":{"line":51,"column":126},"end":{"line":51,"column":156}},{"start":{"line":51,"column":159},"end":{"line":51,"column":186}}],"line":51},"12":{"loc":{"start":{"line":51,"column":198},"end":{"line":51,"column":400}},"type":"cond-expr","locations":[{"start":{"line":51,"column":241},"end":{"line":51,"column":246
[...]
mn":78}}},"fnMap":{"0":{"name":"(anonymous_0)","decl":{"start":{"line":6,"column":24},"end":{"line":6,"column":25}},"loc":{"start":{"line":6,"column":33},"end":{"line":6,"column":53}},"line":6},"1":{"name":"(anonymous_1)","decl":{"start":{"line":17,"column":14},"end":{"line":17,"column":15}},"loc":{"start":{"line":17,"column":23},"end":{"line":17,"column":60}},"line":17},"2":{"name":"(anonymous_2)","decl":{"start":{"line":18,"column":6},"end":{"line":18,"column":7}},"loc":{"start":{"line":18,"column":15},"end":{"line":18,"column":44}},"line":18},"3":{"name":"(anonymous_3)","decl":{"start":{"line":23,"column":23},"end":{"line":23,"column":24}},"loc":{"start":{"line":23,"column":32},"end":{"line":23,"column":58}},"line":23},"4":{"name":"(anonymous_4)","decl":{"start":{"line":26,"column":22},"end":{"line":26,"column":23}},"loc":{"start":{"line":26,"column":31},"end":{"line":26,"column":68}},"line":26},"5":{"name":"(anonymous_5)","decl":{"start":{"line":27,"column":24},"end":{"line":27,"column":25}},"loc":{"start":{"line":27,"column":33},"end":{"line":27,"column":70}},"line":27},"6":{"name":"(anonymous_6)","decl":{"start":{"line":28,"column":26},"end":{"line":28,"column":27}},"loc":{"start":{"line":28,"column":35},"end":{"line":28,"column":83}},"line":28},"7":{"name":"(anonymous_7)","decl":{"start":{"line":29,"column":29},"end":{"line":29,"column":30}},"loc":{"start":{"line":29,"column":38},"end":{"line":29,"column":86}},"line":29},"8":{"name":"(anonymous_8)","decl":{"start":{"line":30,"column":21},"end":{"line":30,"column":22}},"loc":{"start":{"line":30,"column":30},"end":{"line":30,"column":78}},"line":30}},"branchMap":{"0":{"loc":{"start":{"line":18,"column":15},"end":{"line":18,"column":44}},"type":"cond-expr","locations":[{"start":{"line":18,"column":28},"end":{"line":18,"column":34}},{"start":{"line":18,"column":37},"end":{"line":18,"column":44}}],"line":18},"1":{"loc":{"start":{"line":23,"column":32},"end":{"line":23,"column":58}},"type":"cond-expr","locations":[{"start":{"line":23,"column":45},"end":{"line":23,"column":50}},{"start":{"line":23,"column":53},"end":{"line":23,"column":58}}],"line":23},"2":{"loc":{"start":{"line":28,"column":35},"end":{"line":28,"column":83}},"type":"cond-expr","locations":[{"start":{"line":28,"column":48},"end":{"line":28,"column":65}},{"start":{"line":28,"column":68},"end":{"line":28,"column":83}}],"line":28},"3":{"loc":{"start":{"line":29,"column":38},"end":{"line":29,"column":86}},"type":"cond-expr","locations":[{"start":{"line":29,"column":51},"end":{"line":29,"column":68}},{"start":{"line":29,"column":71},"end":{"line":29,"column":86}}],"line":29},"4":{"loc":{"start":{"line":30,"column":30},"end":{"line":30,"column":78}},"type":"cond-expr","locations":[{"start":{"line":30,"column":43},"end":{"line":30,"column":60}},{"start":{"line":30,"column":63},"end":{"line":30,"column":78}}],"line":30}},"s":{"0":1,"1":0,"2":0,"3":0,"4":0,"5":0,"6":0,"7":0,"8":0,"9":0},"f":{"0":0,"1":0,"2":0,"3":0,"4":0,"5":0,"6":0,"7":0,"8":0},"b":{"0":[0,0],"1":[0,0],"2":[0,0],"3":[0,0],"4":[0,0]},"_coverageSchema":"1a1c01bbd47fc00a2c39e90264f33305004495a9","hash":"12560a18a868a2d7c81965c52c32e0bcaff8c809"}
,"/Users/luisalfredo/luisdate/react-modern-datepicker/lib/elements/Span.js": {"path":"/Users/luisalfredo/luisdate/react-modern-datepicker/lib/elements/Span.js","statementMap":{"0":{"start":{"line":2,"column":13},"end":{"line":13,"column":1}}},"fnMap":{},"branchMap":{},"s":{"0":1},"f":{},"b":{},"_coverageSchema":"1a1c01bbd47fc00a2c39e90264f33305004495a9","hash":"17a2980a30db608ca2e54168d1ef55905408452a"}
,"/Users/luisalfredo/luisdate/react-modern-datepicker/lib/elements/Wrapper.js": {"path":"/Users/luisalfredo/luisdate/react-modern-datepicker/lib/elements/Wrapper.js","statementMap":{"0":{"start":{"line":2,"column":18},"end":{"line":5,"column":1}},"1":{"start":{"line":6,"column":16},"end":{"line":15,"column":1}},"2":{"start":{"line":10,"column":25},"end":{"line":10,"column":45}}},"fnMap":{"0":{"name":"(anonymous_0)","decl":{"start":{"line":10,"column":16},"end":{"line":10,"column":17}},"loc":{"start":{"line":10,"column":25},"end":{"line":10,"column":45}},"line":10}},"branchMap":{},"s":{"0":1,"1":1,"2":0},"f":{"0":0},"b":{},"_coverageSchema":"1a1c01bbd47fc00a2c39e90264f33305004495a9","hash":"0b574e4ebd13632266eca7b3747e483de3150513"}
,"/Users/luisalfredo/luisdate/react-modern-datepicker/lib/elements/YearView.js": {"path":"/Users/luisalfredo/luisdate/react-modern-datepicker/lib/elements/YearView.js","statementMap":{"0":{"start":{"line":12,"column":0},"end":{"line":12,"column":32}},"1":{"start":{"line":13,"column":0},"end":{"line":13,"column":24}},"2":{"start":{"line":14,"column":0},"end":{"line":14,"column":28}},"3":{"start":{"line":15,"column":0},"end":{"line":15,"column":29}},"4":{"start":{"line":18,"column":14},"end":{"line":25,"column":1}},"5":{"start":{"line":20,"column":30},"end":{"line":20,"column":75}},"6":{"start":{"line":21,"column":22},"end":{"line":21,"column":73}},"7":{"start":{"line":22,"column":29},"end":{"line":22,"column":88}},"8":{"start":{"line":23,"column":19},"end":{"line":23,"column":41}},"9":{"start":{"line":24,"column":21},"end":{"line":24,"column":62}},"10":{"start":{"line":26,"column":21},"end":{"line":31,"column":1}},"11":{"start":{"line":27,"column":30},"end":{"line":27,"column":48}},"12":{"start":{"line":28,"column":21},"end":{"line":28,"column":100}},"13":{"start":{"line":32,"column":17},"end":{"line":44,"column":1}},"14":{"start":{"line":33,"column":18},"end":{"line":33,"column":22}},"15":{"start":{"line":34,"column":16},"end":{"line":34,"column":25}},"16":{"start":{"line":35,"column":14},"end":{"line":35,"column":16}},"17":{"start":{"line":36,"column":2},"end":{"line":42,"column":3}},"18":{"start":{"line":36,"column":15},"end":{"line":36,"column":24}},"19":{"start":{"line":37,"column":4},"end":{"line":41,"column":7}},"20":{"start":{"line":43,"column":2},"end":{"line":43,"column":15}},"21":{"start":{"line":45,"column":17},"end":{"line":93,"column":1}},"22":{"start":{"line":48,"column":155},"end":{"line":48,"column":160}},"23":{"start":{"line":49,"column":16},"end":{"line":49,"column":93}},"24":{"start":{"line":50,"column":19},"end":{"line":50,"column":57}},"25":{"start":{"line":51,"column":19},"end":{"line":51,"column":57}},"26":{"start":{"line":54,"column":20},"end":{"line":54,"column":22}},"27":{"start":{"line":55,"column":2},"end":{"line":59,"column":3}},"28":{"start":{"line":56,"column":4},"end":{"line":56,"column":65}},"29":{"start":{"line":58,"column":4},"end":{"line":58,"column":403}},"30":{"start":{"line":61,"column":19},"end":{"line":61,"column":76}},"31":{"start":{"line":62,"column":18},"end":{"line":62,"column":73}},"32":{"start":{"line":63,"column":20},"end":{"line":63,"column":75}},"33":{"start":{"line":64,"column":22},"end":{"line":64,"column":42}},"34":{"start":{"line":65,"column":15},"end":{"line":65,"column":64}},"35":{"start":{"line":66,"column":2},"end":{"line":92,"column":4}},"36":{"start":{"line":70,"column":10},"end":{"line":88,"column":12}},"37":{"start":{"line":75,"column":29},"end":{"line":75,"column":79}},"38":{"start":{"line":83,"column":29},"end":{"line":83,"column":79}},"39":{"start":{"line":94,"column":0},"end":{"line":114,"column":2}}},"fnMap":{"0":{"name":"(anonymous_0)","decl":{"start":{"line":20,"column":21},"end":{"line":20,"column":22}},"loc":{"start":{"line":20,"column":30},"end":{"line":20,"column":75}},"line":20},"1":{"name":"(anonymous_1)","decl":{"start":{"line":21,"column":13},"end":{"line":21,"column":14}},"loc":{"start":{"line":21,"column":22},"end":{"line":21,"column":73}},"line":21},"2":{"name":"(anonymous_2)","decl":{"start":{"line":22,"column":21},"end":{"line":22,"column":22}},"loc":{"start":{"line":22,"column":29},"end":{"line":22,"column":88}},"line":22},"3":{"name":"(anonymous_3)","decl":{"start":{"line":23,"column":10},"end":{"line":23,"column":11}},"loc":{"start":{"line":23,"column":19},"end":{"line":23,"column":41}},"line":23},"4":{"name":"(anonymous_4)","decl":{"start":{"line":24,"column":12},"end":{"line":24,"column":13}},"loc":{"start":{"line":24,"column":21},"end":{"line":24,"column":62}},"line":24},"5":{"name":"(anonymous_5)","decl":{"start":{"line":27,"column":21},"end":{"line":27,"column":22}},"loc":{"start":{"line":27,"column":30},"end":{"line":27,"column":48}},"line":27},"6":{"name":"(anonymous_6)","decl":{"start":{"line":28,"column":12},"end":{"line":28,"column":13}},"loc":{"start":{"line":28,"column":21},"end":{"line":28,"column":100}},"line":28},"7":{"name":"(anonymous_7)","decl":{"start":{"line":32,"column":17},"end":{"line":32,"column":18}},"loc":{"start":{"line":32,"column":45},"end":{"line":44,"column":1}},"line":32},"8":{"name":"(anonymous_8)","decl":{"start":{"line":45,"column":17},"end":{"line":45,"column":18}},"loc":{"start":{"line":45,"column":26},"end":{"line":93,"column":1}},"line":45},"9":{"name":"(anonymous_9)","decl":{"start":{"line":69,"column":19},"end":{"line":69,"column":20}},"loc":{"start":{"line":69,"column":32},"end":{"line":89,"column":9}},"line":69},"10":{"name":"(anonymous_10)","decl":{"start":{"line":75,"column":23},"end":{"line":75,"column":24}},"loc":{"start":{"line":75,"column":29},"end":{"line":75,"column":79}},"line":75},"11":{"name":"(anonymous_11)","decl":{"start":{"line":83,"column":23},"end":{"line":83,"column":24}},"loc":{"start":{"line":83,"column":29},"end":{"line":83,"column":79}},"line":83}},"branchMap":{"0":{"loc":{"start":{"line":20,"column":30},"end":{"line":20,"column":75}},"type":"cond-expr","locations":[{"start":{"line":20,"column":60},"end":{"line":20,"column":66}},{"start":{"line":20,"column":69},"end":{"line":20,"column":75}}],"line":20},"1":{"loc":{"start":{"line":20,"column":30},"end":{"line":20,"column":56}},"type":"binary-expr","locations":[{"start":{"line":20,"column":30},"end":{"line":20,"column":41}},{"start":{"line":20,"column":45},"end":{"line":20,"column":56}}],"line":20},"2":{"loc":{"start":{"line":21,"column":22},"end":{"line":21,"column":73}},"type":"cond-expr","locations":[{"start":{"line":21,"column":52},"end":{"line":21,"column":61}},{"start":{"line":21,"column":64},"end":{"line":21,"column":73}}],"line":21},"3":{"loc":{"start":{"line":21,"column":22},"end":{"line":21,"column":48}},"type":"binary-expr","locations":[{"start":{"line":21,"column":22},"end":{"line":21,"column":33}},{"start":{"line":21,"column":37},"end":{"line":21,"column":48}}],"line":21},"4":{"loc":{"start":{"line":22,"column":29},"end":{"line":22,"column":88}},"type":"cond-expr","locations":[{"start":{"line":22,"column":59},"end":{"line":22,"column":65}},{"start":{"line":22,"column":68},"end":{"line":22,"column":88}}],"line":22},"5":{"loc":{"start":{"line":22,"column":29},"end":{"line":22,"column":55}},"type":"binary-expr","locations":[{"start":{"line":22,"column":29},"end":{"line":22,"column":40}},{"start":{"line":22,"column":44},"end":{"line":22,"column":55}}],"line":22},"6":{"loc":{"start":{"line":24,"column":21},"end":{"line":24,"column":62}},"type":"cond-expr","locations":[{"start":{"line":24,"column":51},"end":{"line":24,"column":56}},{"start":{"line":24,"column":59},"end":{"line":24,"column":62}}],"line":24},"7":{"loc":{"start":{"line":24,"column":21},"end":{"line":24,"column":47}},"type":"binary-expr","locations":[{"start":{"line":24,"column":21},"end":{"line":24,"column":32}},{"start":{"line":24,"column":36},"end":{"line":24,"column":47}}],"line":24},"8":{"loc":{"start":{"line":28,"column":21},"end":{"line":28,"column":100}},"type":"cond-expr","locations":[{"start":{"line":28,"column":51},"end":{"line":28,"column":73}},{"start":{"line":28,"column":76},"end":{"line":28,"column":100}}],"line":28},"9":{"loc":{"start":{"line":28,"column":21},"end":{"line":28,"column":47}},"type":"binary-expr","locations":[{"start":{"line":28,"column":21},"end":{"line":28,"column":32}},{"start":{"line":28,"column":36},"end":{"line":28,"column":47}}],"line":28},"10":{"loc":{"start":{"line":39,"column":14},"end":{"line":39,"column":53}},"type":"cond-expr","locations":[{"start":{"line":39,"column":20},"end":{"line":39,"column":45}},{"start":{"line":39,"column":48},"end":{"line":39,"column":53}}],"line":39},"11":{"loc":{"start":{"line":40,"column":14},"end":{"line":40,"column":58}},"type":"cond-expr","locations":[{"start":{"line":40,"column":22},"end":{"line":40,"column":50}},{"start":{"line":40,"column":53},"end":{"line":40,"column":58}}],"line":40},"12":{"loc":{"start":{"line":49,"column":22},"end":{"line":49,"column":68}},"type":"binary-expr","locations":[{"start":{"line":49,"column":22},"end":{"line":49,"column":26}},{"start":{"line":49,"column":30},"end":{"line":49,"column":68}}],"line":49},"13":{"loc":{"start":{"line":49,"column":45},"end":{"line":49,"column":67}},"type":"binary-expr","locations":[{"start":{"line":49,"column":45},"end":{"line":49,"column":51}},{"start":{"line":49,"column":55},"end":{"line":49,"column":67}}],"line":49},"14":{"loc":{"start":{"line":49,"column":70},"end":{"line":49,"column":92}},"type":"binary-expr","locations":[{"start":{"line":49,"column":70},"end":{"line":49,"column":76}},{"start":{"line":49,"column":80},"end":{"line":49,"column":92}}],"line":49},"15":{"loc":{"start":{"line":50,"column":34},"end":{"line":50,"column":56}},"type":"binary-expr","locations":[{"start":{"line":50,"column":34},"end":{"line":50,"column":40}},{"start":{"line":50,"column":44},"end":{"line":50,"column":56}}],"line":50},"16":{"loc":{"start":{"line":51,"column":34},"end":{"line":51,"column":56}},"type":"binary-expr","locations":[{"start":{"line":51,"column":34},"end":{"line":51,"column":40}},{"start":{"line":51,"column":44},"end":{"line":51,"column":56}}],"line":51},"17":{"loc":{"start":{"line":55,"column":2},"end":{"line":59,"column":3}},"type":"if","locations":[{"start":{"line":55,"column":2},"end":{"line":59,"column":3}},{"start":{"line":57,"column":9},"end":{"line":59,"column":3}}],"line":55},"18":{"loc":{"start":{"line":55,"column":6},"end":{"line":55,"column":66}},"type":"binary-expr","locations":[{"start":{"line":55,"column":6},"end":{"line":55,"column":21}},{"start":{"line":55,"column":25},"end":{"line":55,"column":30}},{"start":{"line":55,"column":34},"end":{"line":55,"column":66}}],"line":55},"19":{"loc":{"start":{"line":56,"column":41},"end":{"line":56,"column":63}},"type":"binary-expr","locations":[{"start":{"line":56,"column":41},"end":{"line":56,"column":47}},{"start":{"line":56,"column":51},"end":{"line":56,"column":63}}],"line":56},"20":{"loc":{"start":{"line":58,"column":18},"end":{"line":58,"column":402}},"type":"cond-expr","locations":[{"start":{"line":58,"column":191},"end":{"line":58,"column":196}},{"start":{"line":58,"column":199},"end":{"line":58,"column":402}}],"line":58},"21":{"loc":{"start":{"line":58,"column":35},"end":{"line":58,"column":115}},"type":"cond-expr","locations":[{"start":{"line":58,"column":45},"end":{"line":58,"column":80}},{"start":{"line":58,"column":83},"end":{"line":58,"column":115}}],"line":58},"22":{"loc":{"start":{"line":58,"column":117},"end":{"line":58,"column":187}},"type":"cond-expr","locations":[{"start":{"line":58,"column":127},"end":{"line":58,"column":157}},{"start":{"line":58,"column":160},"end":{"line":58,"column":187}}],"line":58},"23":{"loc":{"start":{"line":58,"column":199},"end":{"line":58,"column":402}},"type":"cond-expr","locations":[{"start":{"line":58,"column":242},"end":{"line":58,"column":247}},{"start":{"line":58,"column":250},"end":{"line":58,"column":402}}],"line":58},"24":{"loc":{"start":{"line":58,"column":199},"end":{"line":58,"column":239}},"type":"binary-expr","locations":[{"start":{"line":58,"column":199},"end":{"line":58,"column":206}},{"start":{"line":58,"column":210},"end":{"line":58,"column":239}}],"line":58},"25":{"loc":{"start":{"line":58,"column":250},"end":{"line":58,"column":402}},"type":"cond-expr","locations":[{"start":{"line":58,"column":295},"end":{"line":58,"column":303}},{"start":{"line":58,"column":306},"end":{"line":58,"column":402}}],"line":58},"26":{"loc":{"start":{"line":58,"column":250},"end":{"line":58,"column":291}},"type":"binary-expr","locations":[{"start":{"line":58,"column":250},"end":{"line":58,"column":257}},{"start":{"line":58,"column":261},"end":{"line":58,"column":291}}],"line":58},"27":{"loc":{"start":{"line":58,"column":306},"end":{"line":58,"column":402}},"type":"cond-expr","locations":[{"start":{"line":58,"column":316},"end":{"line":58,"column":351}},{"start":{"line":58,"column":354},"end":{"line":58,"column":402}}],"line":58},"28":{"loc":{"start":{"line":58,"column":354},"end":{"line":58,"column":402}},"type":"cond-expr","locations":[{"start":{"line":58,"column":364},"end":{"line":58,"column":394}},{"start":{"line":58,"column":397},"end":{"line":58,"column":402}}],"line":58},"29":{"loc":{"start":{"line":61,"column":19},"end":{"line":61,"column":76}},"type":"cond-expr","locations":[{"start":{"line":61,"column":26},"end":{"line":61,"column":61}},{"start":{"line":61,"column":65},"end":{"line":61,"column":76}}],"line":61},"30":{"loc":{"start":{"line":61,"column":38},"end":{"line":61,"column":60}},"type":"binary-expr","locations":[{"start":{"line":61,"column":38},"end":{"line":61,"column":44}},{"start":{"line":61,"column":48},"end":{"line":61,"column":60}}],"line":61},"31":{"loc":{"start":{"line":62,"column":18},"end":{"line":62,"column":73}},"type":"cond-expr","locations":[{"start":{"line":62,"column":28},"end":{"line":62,"column":66}},{"start":{"line":62,"column":69},"end":{"line":62,"column":73}}],"line":62},"32":{"loc":{"start":{"line":62,"column":43},"end":{"line":62,"column":65}},"type":"binary-expr","locations":[{"start":{"line":62,"column":43},"end":{"line":62,"column":49}},{"start":{"line":62,"column":53},"end":{"line":62,"column":65}}],"line":62},"33":{"loc":{"start":{"line":63,"column":20},"end":{"line":63,"column":75}},"type":"cond-expr","locations":[{"start":{"line":63,"column":30},"end":{"line":63,"column":68}},{"start":{"line":63,"column":71},"end":{"line":63,"column":75}}],"line":63},"34":{"loc":{"start":{"line":63,"column":45},"end":{"line":63,"column":67}},"type":"binary-expr","locations":[{"start":{"line":63,"column":45},"end":{"line":63,"column":51}},{"start":{"line":63,"column":55},"end":{"line":63,"column":67}}],"line":63},"35":{"loc":{"start":{"line":71,"column":12},"end":{"line":87,"column":56}},"type":"cond-expr","locations":[{"start":{"line":71,"column":37},"end":{"line":79,"column":38}},{"start":{"line":79,"column":41},"end":{"line":87,"column":56}}],"line":71},"36":{"loc":{"start":{"line":75,"column":29},"end":{"line":75,"column":79}},"type":"binary-expr","locations":[{"start":{"line":75,"column":29},"end":{"line":75,"column":40}},{"start":{"line":75,"column":44},"end":{"line":75,"column":55}},{"start":{"line":75,"column":59},"end":{"line":75,"column":79}}],"line":75},"37":{"loc":{"start":{"line":83,"column":29},"end":{"line":83,"column":79}},"type":"binary-expr","locations":[{"start":{"line":83,"column":29},"end":{"line":83,"column":40}},{"start":{"line":83,"column":44},"end":{"line":83,"column":55}},{"start":{"line":83,"column":59},"end":{"line":83,"column":79}}],"line":83}},"s":{"0":1,"1":1,"2":1,"3":1,"4":1,"5":0,"6":0,"7":0,"8":0,"9":0,"10":1,"11":0,"12":0,"13":1,"14":0,"15":0,"16":0,"17":0,"18":0,"19":0,"20":0,"21":1,"22":0,"23":0,"24":0,"25":0,"26":0,"27":0,"28":0,"29":0,"30":0,"31":0,"32":0,"33":0,"34":0,"35":0,"36":0,"37":0,"38":0,"39":1},"f":{"0":0,"1":0,"2":0,"3":0,"4":0,"5":0,"6":0,"7":0,"8":0,"9":0,"10":0,"11":0},"b":{"0":[0,0],"1":[0,0],"2":[0,0],"3":[0,0],"4":[0,0],"5":[0,0],"6":[0,0],"7":[0,0],"8":[0,0],"9":[0,0],"10":[0,0],"11":[0,0],"12":[0,0],"13":[0,0],"14":[0,0],"15":[0,0],"16":[0,0],"17":[0,0],"18":[0,0,0],"19":[0,0],"20":[0,0],"21":[0,0],"22":[0,0],"23":[0,0],"24":[0,0],"25":[0,0],"26":[0,0],"27":[0,0],"28":[0,0],"29":[0,0],"30":[0,0],"31":[0,0],"32":[0,0],"33":[0,0],"34":[0,0],"35":[0,0],"36":[0,0,0],"37":[0,0,0]},"_coverageSchema":"1a1c01bbd47fc00a2c39e90264f33305004495a9","hash":"600769a5aedb0eac9e9d143bfe1af169213b0731"}
}
